#
# A fatal error has been detected by the Java Runtime Environment:
#
#  EXCEPTION_ACCESS_VIOLATION (0xc0000005) at pc=0x00007ffc9940e4f9, pid=30356, tid=17048
#
# JRE version: Java(TM) SE Runtime Environment (26.0+35) (build 26+35-2893)
# Java VM: Java HotSpot(TM) 64-Bit Server VM (26+35-2893, mixed mode, sharing, tiered, compressed oops, compressed class ptrs, g1 gc, windows-amd64)
# Problematic frame:
# C  [awt.dll+0xde4f9]
#
# No core dump will be written. Minidumps are not enabled by default on client versions of Windows
#
# If you would like to submit a bug report, please visit:
#   https://bugreport.java.com/bugreport/crash.jsp
# The crash happened outside the Java Virtual Machine in native code.
# See problematic frame for where to report the bug.
#

---------------  S U M M A R Y ------------

Command Line: -javaagent:C:\Program Files\JetBrains\IntelliJ IDEA 2025.3.4\lib\idea_rt.jar=53639 -Dfile.encoding=UTF-8 -Dsun.stdout.encoding=UTF-8 -Dsun.stderr.encoding=UTF-8 Q12

Host: 13th Gen Intel(R) Core(TM) i7-1355U, 12 cores, 15G,  Windows 11 , 64 bit Build 26100 (10.0.26100.8246)
Time: Mon Apr 27 12:11:13 2026 Sri Lanka Standard Time elapsed time: 147825.194702 seconds (1d 17h 3m 45s)

---------------  T H R E A D  ---------------

Current thread (0x0000016ba1483530):  JavaThread "AWT-EventQueue-0"        [_thread_in_native, id=17048, stack(0x0000005e93000000,0x0000005e93100000) (1024K)]

Stack: [0x0000005e93000000,0x0000005e93100000],  sp=0x0000005e930ff160,  free space=1020k
Native frames: (J=compiled Java code, j=interpreted, Vv=VM code, C=native code)
C  [awt.dll+0xde4f9]  (no source info available)
C  [awt.dll+0xdd8a2]  (no source info available)
C  0x0000016b9011d4f3  (no source info available)

The last pc belongs to native method entry point (kind = native) (printed below).
Java frames: (J=compiled Java code, j=interpreted, Vv=VM code)
j  sun.awt.Win32GraphicsConfig.getBounds(I)Ljava/awt/Rectangle;+0 java.desktop@26
j  sun.awt.Win32GraphicsConfig.getBounds()Ljava/awt/Rectangle;+8 java.desktop@26
j  sun.awt.Win32GraphicsDevice.displayChanged()V+23 java.desktop@26
j  sun.awt.Win32GraphicsEnvironment.displayChanged()V+271 java.desktop@26
j  sun.awt.windows.WToolkit.lambda$displayChanged$0()V+15 java.desktop@26
j  sun.awt.windows.WToolkit$$Lambda+0x00000000950ad0c0.run()V+0 java.desktop@26
j  java.awt.event.InvocationEvent.dispatch()V+47 java.desktop@26
j  java.awt.EventQueue.dispatchEventImpl(Ljava/awt/AWTEvent;Ljava/lang/Object;)V+21 java.desktop@26
j  java.awt.EventQueue.dispatchEvent(Ljava/awt/AWTEvent;)V+22 java.desktop@26
j  java.awt.EventDispatchThread.pumpOneEventForFilters(I)V+81 java.desktop@26
j  java.awt.EventDispatchThread.pumpEventsForFilter(ILjava/awt/Conditional;Ljava/awt/EventFilter;)V+35 java.desktop@26
j  java.awt.EventDispatchThread.pumpEventsForHierarchy(ILjava/awt/Conditional;Ljava/awt/Component;)V+11 java.desktop@26
j  java.awt.EventDispatchThread.pumpEvents(ILjava/awt/Conditional;)V+4 java.desktop@26
j  java.awt.EventDispatchThread.pumpEvents(Ljava/awt/Conditional;)V+3 java.desktop@26
j  java.awt.EventDispatchThread.run()V+9 java.desktop@26
v  ~StubRoutines::Stub Generator call_stub_stub 0x0000016b901118e2

siginfo: EXCEPTION_ACCESS_VIOLATION (0xc0000005), reading address 0x0000000000000028


Registers:
RAX=0x0000000000000000, RBX=0x0000016b9c6cb6d0, RCX=0x0000000000000000, RDX=0x0000000000000000
RSP=0x0000005e930ff160, RBP=0x0000000000000000, RSI=0x0000000000000000, RDI=0x0000000000000000
R8 =0x0000000000000001, R9 =0x0000005e911fb000, R10=0x0000000000000006, R11=0x000000000000002d
R12=0x0000000000000000, R13=0x000000000000002d, R14=0x0000016ba145fdc0, R15=0x0000000000000000
RIP=0x00007ffc9940e4f9, EFLAGS=0x0000000000010246

XMM[0]=0x0000000000000000 0x0000000000000000
XMM[1]=0x0000000000000000 0x0000005e930ff230
XMM[2]=0x0000000000000000 0x0000000000000000
XMM[3]=0x0000000000000000 0x0000000000000000
XMM[4]=0x0000000000000000 0x0000000000000000
XMM[5]=0x0000000000000000 0x0000000000000000
XMM[6]=0x0000000000000000 0x0000000000000000
XMM[7]=0x0000000000000000 0x0000000000000000
XMM[8]=0x0000000000000000 0x0000000000000000
XMM[9]=0x0000000000000000 0x0000000000000000
XMM[10]=0x0000000000000000 0x0000000000000000
XMM[11]=0x0000000000000000 0x0000000000000000
XMM[12]=0x0000000000000000 0x0000000000000000
XMM[13]=0x0000000000000000 0x0000000000000000
XMM[14]=0x0000000000000000 0x0000000000000000
XMM[15]=0x0000000000000000 0x0000000000000000
  MXCSR=0x00001fa0


Register to memory mapping:

RAX=0x0 is null
RBX=0x0000016b9c6cb6d0 points into unknown readable memory: 0x0000016b9c5493f0 | f0 93 54 9c 6b 01 00 00
RCX=0x0 is null
RDX=0x0 is null
RSP=0x0000005e930ff160 is pointing into the stack for thread: 0x0000016ba1483530
RBP=0x0 is null
RSI=0x0 is null
RDI=0x0 is null
R8 =0x0000000000000001 is an unknown value
R9 =0x0000005e911fb000 points into unknown readable memory: 0x0000000000000000 | 00 00 00 00 00 00 00 00
R10=0x0000000000000006 is an unknown value
R11=0x000000000000002d is an unknown value
R12=0x0 is null
R13=0x000000000000002d is an unknown value
R14=0x0000016ba145fdc0 points into unknown readable memory: 0x0000000705d45e88 | 88 5e d4 05 07 00 00 00
R15=0x0 is null

Top of Stack: (sp=0x0000005e930ff160)
0x0000005e930ff160:   00007ffc9946d838 0000016b9c6cb6d0   8.F.......l.k...
0x0000005e930ff170:   0000016ba145fdc0 0000016b9c6cb6d0   ..E.k.....l.k...
0x0000005e930ff180:   0000016ba1483960 00007ffc9940d8a2   `9H.k.....@.....
0x0000005e930ff190:   0000016b9c6cb6d0 0000016b9c6cb6d0   ..l.k.....l.k...
0x0000005e930ff1a0:   0000000000000000 00007ffc19310000   ..........1.....
0x0000005e930ff1b0:   0000000000000000 00000000000000b6   ................
0x0000005e930ff1c0:   0000005e930ff2d0 00007ffc1979a20b   ....^.....y.....
0x0000005e930ff1d0:   0000000000000000 0000000000000000   ................
0x0000005e930ff1e0:   0000df0da4789baa 0000016b9c716fb0   ..x......oq.k...
0x0000005e930ff1f0:   0000016ba1483530 0000005e930ff2d8   05H.k.......^...
0x0000005e930ff200:   0000016b9d2ae978 0000000000000000   x.*.k...........
0x0000005e930ff210:   0000016bfd68309c 0000000000000000   .0h.k...........
0x0000005e930ff220:   0000005e930ff2b0 0000016b9011d4f3   ....^.......k...
0x0000005e930ff230:   0000005e930ff248 0000016b9d2ae978   H...^...x.*.k...
0x0000005e930ff240:   0000016b90118e18 0000000000000000   ....k...........
0x0000005e930ff250:   0000000705caa718 0000000706013960   ........`9......
0x0000005e930ff260:   0000000706013960 fffffffffffffff7   `9..............
0x0000005e930ff270:   0000000000000000 0000000000000005   ................
0x0000005e930ff280:   0000016b9d2b1188 0000000000000000   ..+.k...........
0x0000005e930ff290:   0000000705d70858 0000016b9d2ae978   X.......x.*.k...
0x0000005e930ff2a0:   0000000000000000 0000005e930ff2d0   ............^...
0x0000005e930ff2b0:   0000005e930ff328 0000016b90118fb2   (...^.......k...
0x0000005e930ff2c0:   0000000000000000 0000016b9011aa5a   ........Z...k...
0x0000005e930ff2d0:   0000000000000000 0000000706013960   ........`9......
0x0000005e930ff2e0:   fffffffffffffff7 0000016b9d2aea20   ........ .*.k...
0x0000005e930ff2f0:   0000000000000002 0000016b9d2b1188   ..........+.k...
0x0000005e930ff300:   0000000000000000 0000000705d70858   ........X.......
0x0000005e930ff310:   0000016b9d2aea38 fffffffffffffff5   8.*.k...........
0x0000005e930ff320:   0000005e930ff338 0000005e930ff388   8...^.......^...
0x0000005e930ff330:   0000016b90118fb2 0000000706013960   ....k...`9......
0x0000005e930ff340:   fffffffffffffff7 0000016b9d254c4f   ........OL%.k...
0x0000005e930ff350:   0000000000000003 0000016b9d256390   .........c%.k...

Instructions: (pc=0x00007ffc9940e4f9)
  0x00007ffc9940e3f9:   cc cc cc cc cc cc cc 48 89 5c 24 08 48 89 6c 24
  0x00007ffc9940e409:   10 48 89 74 24 18 57 48 83 ec 20 41 8b f8 0f b6
  0x00007ffc9940e419:   f2 48 8b e9 e8 be 9f f4 ff 48 8b d8 48 89 44 24
  0x00007ffc9940e429:   48 41 b8 01 00 00 00 8b d7 48 8b c8 e8 16 9f f4
  0x00007ffc9940e439:   ff 44 0f b6 c6 48 8b d5 48 8b c8 e8 77 fa ff ff
  0x00007ffc9940e449:   48 8b f8 48 8b cb e8 4c a1 f4 ff 90 48 8b c7 48
  0x00007ffc9940e459:   8b 5c 24 30 48 8b 6c 24 38 48 8b 74 24 40 48 83
  0x00007ffc9940e469:   c4 20 5f c3 cc cc cc 48 8b 49 28 e9 17 07 00 00
  0x00007ffc9940e479:   cc cc cc cc cc cc cc 48 89 5c 24 08 57 48 83 ec
  0x00007ffc9940e489:   20 8b f9 e8 4f 9f f4 ff 48 8b d8 48 89 44 24 38
  0x00007ffc9940e499:   41 b8 01 00 00 00 8b d7 48 8b c8 e8 a7 9e f4 ff
  0x00007ffc9940e4a9:   48 8b 08 8b 39 48 8b cb e8 ea a0 f4 ff 90 8b c7
  0x00007ffc9940e4b9:   48 8b 5c 24 30 48 83 c4 20 5f c3 cc cc cc cc cc
  0x00007ffc9940e4c9:   cc cc cc cc cc cc cc 48 89 5c 24 08 57 48 83 ec
  0x00007ffc9940e4d9:   20 8b f9 e8 ff 9e f4 ff 48 8b d8 48 89 44 24 38
  0x00007ffc9940e4e9:   41 b8 01 00 00 00 8b d7 48 8b c8 e8 57 9e f4 ff
=>0x00007ffc9940e4f9:   48 8b 78 28 48 8b cb e8 9b a0 f4 ff 90 48 8b c7
  0x00007ffc9940e509:   48 8b 5c 24 30 48 83 c4 20 5f c3 cc cc cc cc cc
  0x00007ffc9940e519:   cc cc cc cc cc cc cc 48 89 5c 24 08 57 48 83 ec
  0x00007ffc9940e529:   20 8b f9 e8 af 9e f4 ff 48 8b d8 48 89 44 24 38
  0x00007ffc9940e539:   41 b8 01 00 00 00 8b d7 48 8b c8 e8 07 9e f4 ff
  0x00007ffc9940e549:   48 8b 78 30 48 8b cb e8 4b a0 f4 ff 90 48 8b c7
  0x00007ffc9940e559:   48 8b 5c 24 30 48 83 c4 20 5f c3 cc cc cc cc cc
  0x00007ffc9940e569:   cc cc cc cc cc cc cc 48 89 5c 24 08 57 48 83 ec
  0x00007ffc9940e579:   20 8b f9 e8 5f 9e f4 ff 48 8b d8 48 89 44 24 38
  0x00007ffc9940e589:   41 b8 01 00 00 00 8b d7 48 8b c8 e8 b7 9d f4 ff
  0x00007ffc9940e599:   48 8b 78 08 48 85 ff 74 07 48 8b bf 08 0c 00 00
  0x00007ffc9940e5a9:   48 8b cb e8 ef 9f f4 ff 90 48 8b c7 48 8b 5c 24
  0x00007ffc9940e5b9:   30 48 83 c4 20 5f c3 f3 0f 10 41 48 c3 cc cc cc
  0x00007ffc9940e5c9:   cc cc cc cc cc cc cc f3 0f 10 41 4c c3 cc cc cc
  0x00007ffc9940e5d9:   cc cc cc cc cc cc cc 48 89 5c 24 10 48 89 74 24
  0x00007ffc9940e5e9:   18 55 57 41 56 48 8d 6c 24 e0 48 81 ec 20 01 00


Stack slot to memory mapping:

stack at sp + 0 slots: 0x00007ffc9946d838 awt.dll
stack at sp + 1 slots: 0x0000016b9c6cb6d0 points into unknown readable memory: 0x0000016b9c5493f0 | f0 93 54 9c 6b 01 00 00
stack at sp + 2 slots: 0x0000016ba145fdc0 points into unknown readable memory: 0x0000000705d45e88 | 88 5e d4 05 07 00 00 00
stack at sp + 3 slots: 0x0000016b9c6cb6d0 points into unknown readable memory: 0x0000016b9c5493f0 | f0 93 54 9c 6b 01 00 00
stack at sp + 4 slots: 0x0000016ba1483960 points into unknown readable memory: 0x00007ffc1a0584d0 | d0 84 05 1a fc 7f 00 00
stack at sp + 5 slots: 0x00007ffc9940d8a2 awt.dll
stack at sp + 6 slots: 0x0000016b9c6cb6d0 points into unknown readable memory: 0x0000016b9c5493f0 | f0 93 54 9c 6b 01 00 00
stack at sp + 7 slots: 0x0000016b9c6cb6d0 points into unknown readable memory: 0x0000016b9c5493f0 | f0 93 54 9c 6b 01 00 00

Lock stack of current Java thread (top to bottom):

native method entry point (kind = native)  [0x0000016b9011d120, 0x0000016b9011dc10]  2800 bytes

Loading hsdis library failed, undisassembled code is shown in MachCode section
[MachCode]
  0x0000016b9011d120: 488b 4b08 | 0fb7 492e | 584c 8d74 | ccf8 6800 | 0000 0068 | 0000 0000 | 5055 488b | ec41 5548 
  0x0000016b9011d140: 8b43 084c | 8d68 3848 | 8b40 0868 | 0000 0000 | 5348 8b50 | 1848 8b52 | 7048 8b12 | 5248 8b53 
  0x0000016b9011d160: 1048 85d2 | 7407 4881 | c2d0 0000 | 0052 488b | 5010 5249 | 8bc6 482b | c548 c1e8 | 0350 6800 
  0x0000016b9011d180: 0000 0068 | f7ff ffff | 41c6 87ca | 0400 0001 | 488b 4310 | 4885 c074 | 208b 8890 | 0000 0083 
  0x0000016b9011d1a0: c102 8988 | 9000 0000 | 2388 a400 | 0000 0f84 | ad09 0000 | e9cf 0000 | 0048 8b43 | 1848 85c0 
  0x0000016b9011d1c0: 0f85 b000 | 0000 e805 | 0000 00e9 | 9900 0000 | 488b d348 | 8d44 2408 | 4c89 6dc0 | 498b cfc5 
  0x0000016b9011d1e0: f877 4989 | af20 0400 | 0049 8987 | 1004 0000 | 4883 ec20 | 40f6 c40f | 0f84 1900 | 0000 4883 
  0x0000016b9011d200: ec08 48b8 | 5073 7919 | fc7f 0000 | ffd0 4883 | c408 e90c | 0000 0048 | b850 7379 | 19fc 7f00 
  0x0000016b9011d220: 00ff d048 | 83c4 2049 | c787 1004 | 0000 0000 | 0000 49c7 | 8720 0400 | 0000 0000 | 0049 c787 
  0x0000016b9011d240: 1804 0000 | 0000 0000 | c5f8 7749 | 837f 0800 | 0f84 0500 | 0000 e985 | 45ff ff4c | 8b6d c04c 
  0x0000016b9011d260: 8b75 c84e | 8d74 f500 | c348 8b43 | 1848 85c0 | 0f84 1200 | 0000 8b48 | 0883 c102 | 8948 0823 
  0x0000016b9011d280: 482c 0f84 | d908 0000 | 493b a750 | 0500 000f | 8748 0000 | 0089 8424 | 00f0 ffff | 8984 2400 
  0x0000016b9011d2a0: e0ff ff89 | 8424 00d0 | ffff 8984 | 2400 c0ff | ff89 8424 | 00b0 ffff | 8984 2400 | a0ff ff89 
  0x0000016b9011d2c0: 8424 0090 | ffff 8984 | 2400 80ff | ff49 3ba7 | 4805 0000 | 7607 4989 | a750 0500 | 0041 c687 
  0x0000016b9011d2e0: ca04 0000 | 0048 8b5d | e84c 8b5b | 0845 0fb7 | 5b2e 41c1 | e303 492b | e348 83ec | 2048 83e4 
  0x0000016b9011d300: f04c 8b5b | 604d 85db | 0f85 ab00 | 0000 e805 | 0000 00e9 | 9900 0000 | 488b d348 | 8d44 2408 
  0x0000016b9011d320: 4c89 6dc0 | 498b cfc5 | f877 4989 | af20 0400 | 0049 8987 | 1004 0000 | 4883 ec20 | 40f6 c40f 
  0x0000016b9011d340: 0f84 1900 | 0000 4883 | ec08 48b8 | 109d 7919 | fc7f 0000 | ffd0 4883 | c408 e90c | 0000 0048 
  0x0000016b9011d360: b810 9d79 | 19fc 7f00 | 00ff d048 | 83c4 2049 | c787 1004 | 0000 0000 | 0000 49c7 | 8720 0400 
  0x0000016b9011d380: 0000 0000 | 0049 c787 | 1804 0000 | 0000 0000 | c5f8 7749 | 837f 0800 | 0f84 0500 | 0000 e93d 
  0x0000016b9011d3a0: 44ff ff4c | 8b6d c04c | 8b75 c84e | 8d74 f500 | c348 8b5d | e84c 8b5b | 6041 ffd3 | 488b 5de8 
  0x0000016b9011d3c0: 4889 4518 | 440f b75b | 2c41 f6c3 | 080f 841b | 0000 004c | 8b5b 084d | 8b5b 084d | 8b5b 184d 
  0x0000016b9011d3e0: 8b5b 704d | 8b1b 4c89 | 5d10 488d | 5510 488b | 4358 49ba | b04e b619 | fc7f 0000 | 493b c20f 
  0x0000016b9011d400: 85ab 0000 | 00e8 0500 | 0000 e999 | 0000 0048 | 8bd3 488d | 4424 084c | 896d c049 | 8bcf c5f8 
  0x0000016b9011d420: 7749 89af | 2004 0000 | 4989 8710 | 0400 0048 | 83ec 2040 | f6c4 0f0f | 8419 0000 | 0048 83ec 
  0x0000016b9011d440: 0848 b810 | 9d79 19fc | 7f00 00ff | d048 83c4 | 08e9 0c00 | 0000 48b8 | 109d 7919 | fc7f 0000 
  0x0000016b9011d460: ffd0 4883 | c420 49c7 | 8710 0400 | 0000 0000 | 0049 c787 | 2004 0000 | 0000 0000 | 49c7 8718 
  0x0000016b9011d480: 0400 0000 | 0000 00c5 | f877 4983 | 7f08 000f | 8405 0000 | 00e9 4643 | ffff 4c8b | 6dc0 4c8b 
  0x0000016b9011d4a0: 75c8 4e8d | 74f5 00c3 | 488b 5de8 | 488b 4358 | 498d 8f30 | 0400 004c | 8d15 d500 | 0000 4d89 
  0x0000016b9011d4c0: 9718 0400 | 00c5 f877 | 4989 af20 | 0400 0049 | 89a7 1004 | 0000 41c7 | 87ac 0400 | 0004 0000 
  0x0000016b9011d4e0: 0049 3ba7 | a805 0000 | 7607 4989 | a7a8 0500 | 00ff d049 | 3ba7 a805 | 0000 720b | 49c7 87a8 
  0x0000016b9011d500: 0500 0000 | 0000 00c5 | f877 4883 | ec10 c5fb | 1104 2448 | 83ec 1048 | 8904 2448 | c744 2408 
  0x0000016b9011d520: 0000 0000 | 41c7 87ac | 0400 0005 | 0000 00f0 | 8344 24c0 | 0049 3b6f | 280f 870e | 0000 0041 
  0x0000016b9011d540: 83bf a804 | 0000 000f | 8420 0000 | 0049 8bcf | 4c8b e448 | 83ec 2048 | 83e4 f048 | b860 057b 
  0x0000016b9011d560: 19fc 7f00 | 00ff d049 | 8be4 4d33 | e441 c787 | ac04 0000 | 0800 0000 | 4d8b 97c0 | 0500 0049 
  0x0000016b9011d580: 83fa 0074 | 3549 c787 | c005 0000 | 0000 0000 | 41ff e249 | ba60 c111 | 906b 0100 | 0041 ffd2 
  0x0000016b9011d5a0: 4883 ec10 | c5fb 1104 | 2448 83ec | 1048 8904 | 2448 c744 | 2408 0000 | 0000 49c7 | 8710 0400 
  0x0000016b9011d5c0: 0000 0000 | 0049 c787 | 2004 0000 | 0000 0000 | 49c7 8718 | 0400 0000 | 0000 00c5 | f877 4d8b 
  0x0000016b9011d5e0: 9f90 0400 | 0041 c783 | 0001 0000 | 0000 0000 | 49bb 5aaa | 1190 6b01 | 0000 4c3b | 5d18 0f85 
  0x0000016b9011d600: 5001 0000 | 488b 0424 | 4883 c410 | 4885 c00f | 842a 0100 | 00a8 030f | 8508 0000 | 0048 8b00 
  0x0000016b9011d620: e91a 0100 | 00a8 010f | 8509 0000 | 0048 8b40 | fee9 0901 | 0000 488b | 40ff 4180 | 7f48 000f 
  0x0000016b9011d640: 84fa 0000 | 0048 85c0 | 0f84 f100 | 0000 4d8b | 5f38 4d85 | db74 1449 | 83eb 084d | 895f 384d 
  0x0000016b9011d660: 035f 4049 | 8903 e9d4 | 0000 0048 | 83ec 7048 | 8904 2448 | 894c 2408 | 4889 5424 | 104c 8944 
  0x0000016b9011d680: 2418 4c89 | 4c24 204c | 8954 2428 | 4c89 5c24 | 30c5 fb11 | 4424 40c5 | fb11 4c24 | 48c5 fb11 
  0x0000016b9011d6a0: 5424 50c5 | fb11 5c24 | 58c5 fb11 | 6424 60c5 | fb11 6c24 | 6849 8bd7 | 488b c848 | 83ec 2040 
  0x0000016b9011d6c0: f6c4 0f0f | 8419 0000 | 0048 83ec | 0848 b890 | ac6d 19fc | 7f00 00ff | d048 83c4 | 08e9 0c00 
  0x0000016b9011d6e0: 0000 48b8 | 90ac 6d19 | fc7f 0000 | ffd0 4883 | c420 c5fb | 106c 2468 | c5fb 1064 | 2460 c5fb 
  0x0000016b9011d700: 105c 2458 | c5fb 1054 | 2450 c5fb | 104c 2448 | c5fb 1044 | 2440 4c8b | 5c24 304c | 8b54 2428 
  0x0000016b9011d720: 4c8b 4c24 | 204c 8b44 | 2418 488b | 5424 1048 | 8b4c 2408 | 488b 0424 | 4883 c470 | c5f8 7748 
  0x0000016b9011d740: 8945 1048 | 83ec 1048 | 8904 2448 | c744 2408 | 0000 0000 | 4183 bf30 | 0500 0002 | 0f85 bf00 
  0x0000016b9011d760: 0000 4881 | ec80 0000 | 0048 8944 | 2478 4889 | 4c24 7048 | 8954 2468 | 4889 5c24 | 6048 896c 
  0x0000016b9011d780: 2450 4889 | 7424 4848 | 897c 2440 | 4c89 4424 | 384c 894c | 2430 4c89 | 5424 284c | 895c 2420 
  0x0000016b9011d7a0: 4c89 6424 | 184c 896c | 2410 4c89 | 7424 084c | 893c 244c | 8be4 4883 | ec20 4883 | e4f0 48b8 
  0x0000016b9011d7c0: 3036 b619 | fc7f 0000 | ffd0 498b | e44c 8b3c | 244c 8b74 | 2408 4c8b | 6c24 104c | 8b64 2418 
  0x0000016b9011d7e0: 4c8b 5c24 | 204c 8b54 | 2428 4c8b | 4c24 304c | 8b44 2438 | 488b 7c24 | 4048 8b74 | 2448 488b 
  0x0000016b9011d800: 6c24 5048 | 8b5c 2460 | 488b 5424 | 6848 8b4c | 2470 488b | 4424 7848 | 81c4 8000 | 0000 4d33 
  0x0000016b9011d820: e448 8b5d | e84c 8b6b | 084d 8d6d | 3849 837f | 0800 0f84 | bb00 0000 | e805 0000 | 00e9 9600 
  0x0000016b9011d840: 0000 488d | 4424 084c | 896d c049 | 8bcf c5f8 | 7749 89af | 2004 0000 | 4989 8710 | 0400 0048 
  0x0000016b9011d860: 83ec 2040 | f6c4 0f0f | 8419 0000 | 0048 83ec | 0848 b840 | bb79 19fc | 7f00 00ff | d048 83c4 
  0x0000016b9011d880: 08e9 0c00 | 0000 48b8 | 40bb 7919 | fc7f 0000 | ffd0 4883 | c420 49c7 | 8710 0400 | 0000 0000 
  0x0000016b9011d8a0: 0049 c787 | 2004 0000 | 0000 0000 | 49c7 8718 | 0400 0000 | 0000 00c5 | f877 4983 | 7f08 000f 
  0x0000016b9011d8c0: 8405 0000 | 00e9 163f | ffff 4c8b | 6dc0 4c8b | 75c8 4e8d | 74f5 00c3 | 48b9 3872 | e119 fc7f 
  0x0000016b9011d8e0: 0000 4883 | e4f0 48b8 | 40e4 a219 | fc7f 0000 | ffd0 f444 | 0fb7 5b2c | 41f6 c320 | 0f84 7201 
  0x0000016b9011d900: 0000 488d | 55a8 4c8b | 5a08 4d85 | db0f 85bb | 0000 00e8 | 0500 0000 | e996 0000 | 0048 8d44 
  0x0000016b9011d920: 2408 4c89 | 6dc0 498b | cfc5 f877 | 4989 af20 | 0400 0049 | 8987 1004 | 0000 4883 | ec20 40f6 
  0x0000016b9011d940: c40f 0f84 | 1900 0000 | 4883 ec08 | 48b8 70ba | 7919 fc7f | 0000 ffd0 | 4883 c408 | e90c 0000 
  0x0000016b9011d960: 0048 b870 | ba79 19fc | 7f00 00ff | d048 83c4 | 2049 c787 | 1004 0000 | 0000 0000 | 49c7 8720 
  0x0000016b9011d980: 0400 0000 | 0000 0049 | c787 1804 | 0000 0000 | 0000 c5f8 | 7749 837f | 0800 0f84 | 0500 0000 
  0x0000016b9011d9a0: e93b 3eff | ff4c 8b6d | c04c 8b75 | c84e 8d74 | f500 c348 | b938 72e1 | 19fc 7f00 | 0048 83e4 
  0x0000016b9011d9c0: f048 b840 | e4a2 19fc | 7f00 00ff | d0f4 4c89 | 6dc0 4c8b | 4a08 48c7 | 4208 0000 | 0000 458b 
  0x0000016b9011d9e0: 87c8 0600 | 004f 3b4c | 07f8 0f85 | 4200 0000 | 4183 afc8 | 0600 0008 | 4f3b 4c07 | f00f 842a 
  0x0000016b9011da00: 0000 0049 | 8b01 a802 | 0f85 1200 | 0000 4c8b | c049 83c8 | 01f0 4d0f | b101 0f84 | 0d00 0000 
  0x0000016b9011da20: 4183 87c8 | 0600 0008 | e905 0000 | 00e9 3e00 | 0000 4c89 | 4a08 488b | ca48 83ec | 2040 f6c4 
  0x0000016b9011da40: 0f0f 8419 | 0000 0048 | 83ec 0848 | b8a0 8c79 | 19fc 7f00 | 00ff d048 | 83c4 08e9 | 0c00 0000 
  0x0000016b9011da60: 48b8 a08c | 7919 fc7f | 0000 ffd0 | 4883 c420 | 4c8b 6dc0 | 41c6 877e | 0300 0001 | 493b 6f28 
  0x0000016b9011da80: 0f87 0500 | 0000 e9ab | 0000 0048 | 83ec 10c5 | fb11 0424 | 4883 ec10 | 4889 0424 | 48c7 4424 
  0x0000016b9011daa0: 0800 0000 | 00c5 f877 | 4989 af20 | 0400 0049 | baa5 da11 | 906b 0100 | 004d 8997 | 1804 0000 
  0x0000016b9011dac0: 4989 a710 | 0400 0049 | 8bcf 4883 | ec20 40f6 | c40f 0f84 | 1900 0000 | 4883 ec08 | 48b8 e072 
  0x0000016b9011dae0: 7919 fc7f | 0000 ffd0 | 4883 c408 | e90c 0000 | 0048 b8e0 | 7279 19fc | 7f00 00ff | d048 83c4 
  0x0000016b9011db00: 2049 c787 | 1004 0000 | 0000 0000 | 49c7 8720 | 0400 0000 | 0000 0049 | c787 1804 | 0000 0000 
  0x0000016b9011db20: 0000 c5f8 | 7748 8b04 | 2448 83c4 | 10c5 fb10 | 0424 4883 | c410 488b | 0424 4883 | c410 c5fb 
  0x0000016b9011db40: 1004 2448 | 83c4 104c | 8b5d 1841 | ffd3 4c8b | 5df8 c941 | c687 7e03 | 0000 005f | 498b e3ff 
  0x0000016b9011db60: e7ba 0000 | 0000 e805 | 0000 00e9 | 9600 0000 | 488d 4424 | 084c 896d | c049 8bcf | c5f8 7749 
  0x0000016b9011db80: 89af 2004 | 0000 4989 | 8710 0400 | 0048 83ec | 2040 f6c4 | 0f0f 8419 | 0000 0048 | 83ec 0848 
  0x0000016b9011dba0: b8a0 8279 | 19fc 7f00 | 00ff d048 | 83c4 08e9 | 0c00 0000 | 48b8 a082 | 7919 fc7f | 0000 ffd0 
  0x0000016b9011dbc0: 4883 c420 | 49c7 8710 | 0400 0000 | 0000 0049 | c787 2004 | 0000 0000 | 0000 49c7 | 8718 0400 
  0x0000016b9011dbe0: 0000 0000 | 00c5 f877 | 4983 7f08 | 000f 8405 | 0000 00e9 | e83b ffff | 4c8b 6dc0 | 4c8b 75c8 
  0x0000016b9011dc00: 4e8d 74f5 | 00c3 488b | 5de8 e979 | f6ff ff90 
[/MachCode]

---------------  P R O C E S S  ---------------

Threads class SMR info:
_java_thread_list=0x0000016ba14b1300, length=16, elements={
0x0000016b9c5565c0, 0x0000016b9c556ec0, 0x0000016b9c559650, 0x0000016b9c55b210,
0x0000016b9c55c020, 0x0000016b9c55fab0, 0x0000016b9c57a0d0, 0x0000016b9c57c990,
0x0000016b9c78fd60, 0x0000016b9c7fd750, 0x0000016b9c7fdf00, 0x0000016b9ca138e0,
0x0000016ba12aa060, 0x0000016ba12ad8e0, 0x0000016ba1483530, 0x0000016bfbf9bb70
}

Java Threads: ( => current thread )
  0x0000016b9c5565c0 JavaThread "Reference Handler"          daemon [_thread_blocked, id=16604, stack(0x0000005e91e00000,0x0000005e91f00000) (1024K)]
  0x0000016b9c556ec0 JavaThread "Finalizer"                  daemon [_thread_blocked, id=5652, stack(0x0000005e91f00000,0x0000005e92000000) (1024K)]
  0x0000016b9c559650 JavaThread "Signal Dispatcher"          daemon [_thread_blocked, id=25912, stack(0x0000005e92000000,0x0000005e92100000) (1024K)]
  0x0000016b9c55b210 JavaThread "Attach Listener"            daemon [_thread_blocked, id=36956, stack(0x0000005e92100000,0x0000005e92200000) (1024K)]
  0x0000016b9c55c020 JavaThread "Service Thread"             daemon [_thread_blocked, id=38396, stack(0x0000005e92200000,0x0000005e92300000) (1024K)]
  0x0000016b9c55fab0 JavaThread "Monitor Deflation Thread"   daemon [_thread_blocked, id=35072, stack(0x0000005e92300000,0x0000005e92400000) (1024K)]
  0x0000016b9c57a0d0 JavaThread "C2 CompilerThread0"         daemon [_thread_blocked, id=15108, stack(0x0000005e92400000,0x0000005e92500000) (1024K)]
  0x0000016b9c57c990 JavaThread "C1 CompilerThread0"         daemon [_thread_blocked, id=38660, stack(0x0000005e92500000,0x0000005e92600000) (1024K)]
  0x0000016b9c78fd60 JavaThread "Common-Cleaner"             daemon [_thread_blocked, id=35572, stack(0x0000005e92700000,0x0000005e92800000) (1024K)]
  0x0000016b9c7fd750 JavaThread "Monitor Ctrl-Break"         daemon [_thread_in_native, id=15448, stack(0x0000005e92800000,0x0000005e92900000) (1024K)]
  0x0000016b9c7fdf00 JavaThread "Notification Thread"        daemon [_thread_blocked, id=32708, stack(0x0000005e92900000,0x0000005e92a00000) (1024K)]
  0x0000016b9ca138e0 JavaThread "Java2D Disposer"            daemon [_thread_blocked, id=11200, stack(0x0000005e92a00000,0x0000005e92b00000) (1024K)]
  0x0000016ba12aa060 JavaThread "AWT-Shutdown"                      [_thread_blocked, id=31912, stack(0x0000005e92b00000,0x0000005e92c00000) (1024K)]
  0x0000016ba12ad8e0 JavaThread "AWT-Windows"                daemon [_thread_in_native, id=19808, stack(0x0000005e92c00000,0x0000005e92d00000) (1024K)]
=>0x0000016ba1483530 JavaThread "AWT-EventQueue-0"                  [_thread_in_native, id=17048, stack(0x0000005e93000000,0x0000005e93100000) (1024K)]
  0x0000016bfbf9bb70 JavaThread "DestroyJavaVM"                     [_thread_blocked, id=26712, stack(0x0000005e91500000,0x0000005e91600000) (1024K)]
Total: 16

Other Threads:
  0x0000016b9c5438d0 VMThread "VM Thread"                           [id=28192, stack(0x0000005e91d00000,0x0000005e91e00000) (1024K)]
  0x0000016b9c533870 WatcherThread "VM Periodic Task Thread"        [id=18856, stack(0x0000005e91c00000,0x0000005e91d00000) (1024K)]
  0x0000016bfbfe8c20 WorkerThread "GC Thread#0"                     [id=30188, stack(0x0000005e91600000,0x0000005e91700000) (1024K)]
  0x0000016ba13d8730 WorkerThread "GC Thread#1"                     [id=28276, stack(0x0000005e92d00000,0x0000005e92e00000) (1024K)]
  0x0000016ba13d8b50 WorkerThread "GC Thread#2"                     [id=33576, stack(0x0000005e92e00000,0x0000005e92f00000) (1024K)]
  0x0000016ba13d8f70 WorkerThread "GC Thread#3"                     [id=25512, stack(0x0000005e92f00000,0x0000005e93000000) (1024K)]
  0x0000016b9c74c090 WorkerThread "GC Thread#4"                     [id=5104, stack(0x0000005e91200000,0x0000005e91300000) (1024K)]
  0x0000016ba12e66a0 WorkerThread "GC Thread#5"                     [id=29360, stack(0x0000005e91300000,0x0000005e91400000) (1024K)]
  0x0000016bfc001460 ConcurrentGCThread "G1 Main Marker"            [id=20756, stack(0x0000005e91700000,0x0000005e91800000) (1024K)]
  0x0000016bfc002ed0 WorkerThread "G1 Conc#0"                       [id=1780, stack(0x0000005e91800000,0x0000005e91900000) (1024K)]
  0x0000016bfc054960 WorkerThread "G1 Refinement Workers#0"         [id=18824, stack(0x0000005e91a00000,0x0000005e91b00000) (1024K)]
  0x0000016bfc051e90 ConcurrentGCThread "G1 Refine Control"         [id=29400, stack(0x0000005e91900000,0x0000005e91a00000) (1024K)]
  0x0000016bfc055e40 ConcurrentGCThread "G1 Service"                [id=21488, stack(0x0000005e91b00000,0x0000005e91c00000) (1024K)]
Total: 13

Threads with active compile tasks:
Total: 0

VM state: not at safepoint (normal execution)

VM Mutex/Monitor currently owned by a thread: None

Heap address: 0x0000000705a00000, size: 4006 MB, Compressed Oops mode: Zero based, Oop shift amount: 3

CDS archive(s) mapped at: [0x0000000094000000-0x0000000094de0000-0x0000000094de0000), size 14548992, SharedBaseAddress: 0x0000000094000000, ArchiveRelocationMode: 1.
Compressed class space mapped at: 0x0000000095000000-0x00000000d5000000, reserved size: 1073741824
UseCompressedClassPointers 1, UseCompactObjectHeaders 0
Narrow klass pointer bits 32, Max shift 3
Narrow klass base: 0x0000000094000000, Narrow klass shift: 0
Encoding Range: [0x0000000094000000 - 0x0000000194000000), (4294967296 bytes)
Klass Range:    [0x0000000094000000 - 0x00000000d5000000), (1090519040 bytes)
Klass ID Range:  [8 - 1090519033) (1090519025)
Protection zone: [0x0000000094000000 - 0x0000000094010000), (65536 bytes)

GC Precious Log:
 CardTable entry size: 512
 Card Set container configuration: InlinePtr #cards 4 size 8 Array Of Cards #cards 16 size 48 Howl #buckets 8 coarsen threshold 3686 Howl Bitmap #cards 512 size 80 coarsen threshold 460 Card regions per heap region 1 cards per card region 4096
 CPUs: 12 total, 12 available
 Memory: 16016M
 Large Page Support: Disabled
 NUMA Support: Disabled
 Compressed Oops: Enabled (Zero based)
 Heap Region Size: 2M
 Heap Min Capacity: 8M
 Heap Initial Capacity: 8M
 Heap Max Capacity: 4006M
 Pre-touch: Disabled
 Parallel Workers: 10
 Concurrent Workers: 3
 Concurrent Refinement Workers: 10
 Periodic GC: Disabled

Heap:
 garbage-first heap   total reserved 4102144K, committed 10240K, used 2900K [0x0000000705a00000, 0x0000000800000000)
  region size 2M, 1 eden (2M), 1 survivor (2M), 1 old (2M), 0 humongous (0M), 2 free (4M)

Heap Regions: E=young(eden), S=young(survivor), O=old, HS=humongous(starts), HC=humongous(continues), CS=collection set, F=free, TAMS=top-at-mark-start, PB=parsable bottom
|    0|0x0000000705a00000, 0x0000000705a00000, 0x0000000705c00000|  0%| F|  |TAMS 0x0000000705a00000| PB 0x0000000705a00000| Untracked |  0
|    1|0x0000000705c00000, 0x0000000705dac268, 0x0000000705e00000| 83%| S|CS|TAMS 0x0000000705c00000| PB 0x0000000705c00000| Complete  |  0
|    2|0x0000000705e00000, 0x0000000705e00000, 0x0000000706000000|  0%| F|  |TAMS 0x0000000705e00000| PB 0x0000000705e00000| Untracked |  0
|    3|0x0000000706000000, 0x0000000706059668, 0x0000000706200000| 17%| E|CS|TAMS 0x0000000706000000| PB 0x0000000706000000| Complete  |  0
| 2002|0x00000007ffe00000, 0x00000007fff28da8, 0x0000000800000000| 57%| O|  |TAMS 0x00000007ffe00000| PB 0x00000007ffe00000| Untracked |  0

Card table byte_map: [0x0000016bfd680000,0x0000016bfde60000] _byte_map_base: 0x0000016bf9e53000
Refinement table byte_map: [0x0000016bfcea0000,0x0000016bfd680000] _byte_map_base: 0x0000016bf9673000

Marking Bits: (CMBitMap*) 0x0000016bfbfe93a0
 Bits: [0x0000016b97be0000, 0x0000016b9ba78000)

Polling page: 0x0000016bf9db0000

Metaspace:
Metaspace        used 6697K, committed 6848K, reserved 1114112K
 class space     used 682K, committed 768K, reserved 1048576K

Usage:
  Non-class:      5.87 MB used.
      Class:    682.45 KB used.
       Both:      6.54 MB used.

Virtual space:
  Non-class space:       64.00 MB reserved,       5.94 MB (  9%) committed,  1 nodes.
      Class space:        1.00 GB reserved,     768.00 KB ( <1%) committed,  1 nodes.
             Both:        1.06 GB reserved,       6.69 MB ( <1%) committed. 

Chunk freelists:
   Non-Class:  10.02 MB
       Class:  15.24 MB
        Both:  25.26 MB

MaxMetaspaceSize: unlimited
CompressedClassSpaceSize: 1.00 GB
Initial GC threshold: 21.00 MB
Current GC threshold: 21.00 MB
CDS: on
 - commit_granule_bytes: 65536.
 - commit_granule_words: 8192.
 - virtual_space_node_default_size: 8388608.
 - enlarge_chunks_in_place: 1.
UseCompressedClassPointers 1, UseCompactObjectHeaders 0
Narrow klass pointer bits 32, Max shift 3
Narrow klass base: 0x0000000094000000, Narrow klass shift: 0
Encoding Range: [0x0000000094000000 - 0x0000000194000000), (4294967296 bytes)
Klass Range:    [0x0000000094000000 - 0x00000000d5000000), (1090519040 bytes)
Klass ID Range:  [8 - 1090519033) (1090519025)
Protection zone: [0x0000000094000000 - 0x0000000094010000), (65536 bytes)


Internal statistics:

num_allocs_failed_limit: 0.
num_arena_births: 90.
num_arena_deaths: 0.
num_vsnodes_births: 2.
num_vsnodes_deaths: 0.
num_space_committed: 107.
num_space_uncommitted: 0.
num_chunks_returned_to_freelist: 0.
num_chunks_taken_from_freelist: 133.
num_chunk_merges: 0.
num_chunk_splits: 71.
num_chunks_enlarged: 19.
num_inconsistent_stats: 0.

CodeHeap 'non-profiled nmethods': size=120064Kb used=228Kb max_used=228Kb free=119835Kb
 bounds [0x0000016b906a0000, 0x0000016b90910000, 0x0000016b97be0000]
CodeHeap 'profiled nmethods': size=120000Kb used=998Kb max_used=998Kb free=119002Kb
 bounds [0x0000016b88be0000, 0x0000016b88e50000, 0x0000016b90110000]
CodeHeap 'non-nmethods': size=5696Kb used=1491Kb max_used=1514Kb free=4204Kb
 bounds [0x0000016b90110000, 0x0000016b90380000, 0x0000016b906a0000]
CodeCache: size=245760Kb, used=2717Kb, max_used=2740Kb, free=243041Kb
 total_blobs=1430, nmethods=817, adapters=518, full_count=0
Compilation: enabled, stopped_count=0, restarted_count=0

Compilation events (20 events):
Event: 59266.370 Thread 0x0000016b9c57c990  807       3       java.awt.Font::<init> (56 bytes)
Event: 59266.371 Thread 0x0000016b9c57c990 nmethod 807 0x0000016b88cd3008 code [0x0000016b88cd3100, 0x0000016b88cd3360]
Event: 59266.386 Thread 0x0000016b9c57c990  808  s    3       sun.awt.windows.WDesktopProperties::setFontProperty (156 bytes)
Event: 59266.389 Thread 0x0000016b9c57c990 nmethod 808 0x0000016b88cd3388 code [0x0000016b88cd3480, 0x0000016b88cd5e08]
Event: 59266.391 Thread 0x0000016b9c57c990  810   !   3       sun.awt.PostEventQueue::flush (168 bytes)
Event: 59266.392 Thread 0x0000016b9c57c990 nmethod 810 0x0000016b88cd5e88 code [0x0000016b88cd5f80, 0x0000016b88cd7128]
Event: 59266.392 Thread 0x0000016b9c57c990  809       3       sun.awt.SunToolkit::flushPendingEvents (19 bytes)
Event: 59266.393 Thread 0x0000016b9c57c990 nmethod 809 0x0000016b88cd7188 code [0x0000016b88cd7280, 0x0000016b88cd7570]
Event: 63555.048 Thread 0x0000016b9c57c990  812       3       java.lang.ref.ReferenceQueue::remove0 (67 bytes)
Event: 63555.051 Thread 0x0000016b9c57c990 nmethod 812 0x0000016b88cd7588 code [0x0000016b88cd7680, 0x0000016b88cd7ad0]
Event: 63555.051 Thread 0x0000016b9c57c990  811   !   3       java.lang.ref.ReferenceQueue::remove (49 bytes)
Event: 63555.052 Thread 0x0000016b9c57c990 nmethod 811 0x0000016b88cd7b08 code [0x0000016b88cd7c00, 0x0000016b88cd8598]
Event: 86822.956 Thread 0x0000016b9c57a0d0  813       4       java.util.HashMap::get (19 bytes)
Event: 86822.957 Thread 0x0000016b9c57c990  814       3       java.awt.Font::equals (131 bytes)
Event: 86822.959 Thread 0x0000016b9c57c990 nmethod 814 0x0000016b88cd8608 code [0x0000016b88cd8700, 0x0000016b88cd8f18]
Event: 86822.969 Thread 0x0000016b9c57a0d0 nmethod 813 0x0000016b906d8608 code [0x0000016b906d8700, 0x0000016b906d8aa8]
Event: 142995.273 Thread 0x0000016b9c57c990  815  s    3       sun.awt.windows.WDesktopProperties::setBooleanProperty (57 bytes)
Event: 142995.328 Thread 0x0000016b9c57c990 nmethod 815 0x0000016b88cd8f88 code [0x0000016b88cd9080, 0x0000016b88cd97d8]
Event: 142995.556 Thread 0x0000016b9c57a0d0  816       4       sun.awt.AWTAutoShutdown::getInstance (4 bytes)
Event: 142995.561 Thread 0x0000016b9c57a0d0 nmethod 816 0x0000016b906d8b08 code [0x0000016b906d8c00, 0x0000016b906d8c60]

GC Heap Usage History (6 events):
Event: 0.314 {heap Before GC invocations=0 (full 0):
 garbage-first heap   total reserved 4102144K, committed 10240K, used 5283K [0x0000000705a00000, 0x0000000800000000)
  region size 2M, 2 eden (4M), 0 survivor (0M), 1 old (2M), 0 humongous (0M), 2 free (4M)
}
Event: 0.317 {heap After GC invocations=1 (full 0):
 garbage-first heap   total reserved 4102144K, committed 10240K, used 2227K [0x0000000705a00000, 0x0000000800000000)
  region size 2M, 0 eden (0M), 1 survivor (2M), 1 old (2M), 0 humongous (0M), 3 free (6M)
}
Event: 0.367 {heap Before GC invocations=1 (full 0):
 garbage-first heap   total reserved 4102144K, committed 10240K, used 4275K [0x0000000705a00000, 0x0000000800000000)
  region size 2M, 1 eden (2M), 1 survivor (2M), 1 old (2M), 0 humongous (0M), 2 free (4M)
}
Event: 0.369 {heap After GC invocations=2 (full 0):
 garbage-first heap   total reserved 4102144K, committed 10240K, used 2179K [0x0000000705a00000, 0x0000000800000000)
  region size 2M, 0 eden (0M), 1 survivor (2M), 1 old (2M), 0 humongous (0M), 3 free (6M)
}
Event: 16111.067 {heap Before GC invocations=2 (full 0):
 garbage-first heap   total reserved 4102144K, committed 10240K, used 4227K [0x0000000705a00000, 0x0000000800000000)
  region size 2M, 1 eden (2M), 1 survivor (2M), 1 old (2M), 0 humongous (0M), 2 free (4M)
}
Event: 16111.177 {heap After GC invocations=3 (full 0):
 garbage-first heap   total reserved 4102144K, committed 10240K, used 2900K [0x0000000705a00000, 0x0000000800000000)
  region size 2M, 0 eden (0M), 1 survivor (2M), 1 old (2M), 0 humongous (0M), 3 free (6M)
}

Metaspace Usage History (6 events):
Event: 0.314 {metaspace Before GC invocations=0 (full 0):
 Metaspace       used 4102K, committed 4288K, reserved 1114112K
  class space    used 363K, committed 448K, reserved 1048576K
}
Event: 0.317 {metaspace After GC invocations=1 (full 0):
 Metaspace       used 4102K, committed 4288K, reserved 1114112K
  class space    used 363K, committed 448K, reserved 1048576K
}
Event: 0.367 {metaspace Before GC invocations=1 (full 0):
 Metaspace       used 4354K, committed 4544K, reserved 1114112K
  class space    used 413K, committed 512K, reserved 1048576K
}
Event: 0.369 {metaspace After GC invocations=2 (full 0):
 Metaspace       used 4354K, committed 4544K, reserved 1114112K
  class space    used 413K, committed 512K, reserved 1048576K
}
Event: 16111.068 {metaspace Before GC invocations=2 (full 0):
 Metaspace       used 6672K, committed 6848K, reserved 1114112K
  class space    used 679K, committed 768K, reserved 1048576K
}
Event: 16111.177 {metaspace After GC invocations=3 (full 0):
 Metaspace       used 6672K, committed 6848K, reserved 1114112K
  class space    used 679K, committed 768K, reserved 1048576K
}

Dll operation events (20 events):
Event: 0.091 Attempting to load shared library C:\Program Files\Java\jdk-26\bin\zip.dll
Event: 0.092 Loaded shared library C:\Program Files\Java\jdk-26\bin\zip.dll
Event: 0.096 Attempting to load shared library C:\Program Files\Java\jdk-26\bin\instrument.dll
Event: 0.096 Loaded shared library C:\Program Files\Java\jdk-26\bin\instrument.dll
Event: 0.102 Attempting to load shared library C:\Program Files\Java\jdk-26\bin\net.dll
Event: 0.108 Loaded shared library C:\Program Files\Java\jdk-26\bin\net.dll
Event: 0.110 Attempting to load shared library C:\Program Files\Java\jdk-26\bin\nio.dll
Event: 0.111 Loaded shared library C:\Program Files\Java\jdk-26\bin\nio.dll
Event: 0.117 Attempting to load shared library C:\Program Files\Java\jdk-26\bin\zip.dll
Event: 0.117 Loaded shared library C:\Program Files\Java\jdk-26\bin\zip.dll
Event: 0.141 Attempting to load shared library C:\Program Files\Java\jdk-26\bin\jimage.dll
Event: 0.141 Loaded shared library C:\Program Files\Java\jdk-26\bin\jimage.dll
Event: 0.155 Attempting to load shared library C:\Program Files\Java\jdk-26\bin\extnet.dll
Event: 0.155 Attempting to load shared library C:\Program Files\Java\jdk-26\bin\awt.dll
Event: 0.155 Loaded shared library C:\Program Files\Java\jdk-26\bin\extnet.dll
Event: 0.158 Loaded shared library C:\Program Files\Java\jdk-26\bin\awt.dll
Event: 0.431 Attempting to load shared library C:\Program Files\Java\jdk-26\bin\freetype.dll
Event: 0.432 Loaded shared library C:\Program Files\Java\jdk-26\bin\freetype.dll
Event: 0.432 Attempting to load shared library C:\Program Files\Java\jdk-26\bin\fontmanager.dll
Event: 0.433 Loaded shared library C:\Program Files\Java\jdk-26\bin\fontmanager.dll

Deoptimization events (12 events):
Event: 0.273 Thread 0x0000016bfbf9bb70 Uncommon trap: trap_request=0xffffff45 fr.pc=0x0000016b906ae268 relative=0x00000000000005e8
Event: 0.273 Thread 0x0000016bfbf9bb70 Uncommon trap: reason=unstable_if action=reinterpret pc=0x0000016b906ae268 method=java.util.HashMap.putVal(ILjava/lang/Object;Ljava/lang/Object;ZZ)Ljava/lang/Object; @ 69 c2
Event: 0.273 Thread 0x0000016bfbf9bb70 DEOPT PACKING pc=0x0000016b906ae268 sp=0x0000005e915fdf80
Event: 0.273 Thread 0x0000016bfbf9bb70 DEOPT UNPACKING pc=0x0000016b9019e602 sp=0x0000005e915fdf00 mode 2
Event: 0.512 Thread 0x0000016bfbf9bb70 Uncommon trap: trap_request=0xffffff45 fr.pc=0x0000016b906ce758 relative=0x00000000000004d8
Event: 0.512 Thread 0x0000016bfbf9bb70 Uncommon trap: reason=unstable_if action=reinterpret pc=0x0000016b906ce758 method=java.lang.StringLatin1.replace([BCC)Ljava/lang/String; @ 19 c2
Event: 0.512 Thread 0x0000016bfbf9bb70 DEOPT PACKING pc=0x0000016b906ce758 sp=0x0000005e915fe760
Event: 0.512 Thread 0x0000016bfbf9bb70 DEOPT UNPACKING pc=0x0000016b9019e602 sp=0x0000005e915fe6e0 mode 2
Event: 2106.164 Thread 0x0000016ba1483530 Uncommon trap: trap_request=0xffffff45 fr.pc=0x0000016b906d309c relative=0x000000000000079c
Event: 2106.164 Thread 0x0000016ba1483530 Uncommon trap: reason=unstable_if action=reinterpret pc=0x0000016b906d309c method=java.util.HashMap.putVal(ILjava/lang/Object;Ljava/lang/Object;ZZ)Ljava/lang/Object; @ 181 c2
Event: 2106.164 Thread 0x0000016ba1483530 DEOPT PACKING pc=0x0000016b906d309c sp=0x0000005e930ff280
Event: 2106.164 Thread 0x0000016ba1483530 DEOPT UNPACKING pc=0x0000016b9019e602 sp=0x0000005e930ff198 mode 2

Classes loaded (20 events):
Event: 0.606 Loading class java/awt/TextComponent
Event: 0.606 Loading class java/awt/TextComponent done
Event: 0.606 Loading class javax/swing/text/JTextComponent
Event: 0.607 Loading class javax/swing/Scrollable
Event: 0.607 Loading class javax/swing/Scrollable done
Event: 0.607 Loading class javax/swing/text/JTextComponent done
Event: 2.482 Loading class java/awt/event/MouseEvent$1
Event: 2.482 Loading class sun/awt/AWTAccessor$MouseEventAccessor
Event: 2.483 Loading class sun/awt/AWTAccessor$MouseEventAccessor done
Event: 2.483 Loading class java/awt/event/MouseEvent$1 done
Event: 2.483 Loading class java/awt/Cursor$CursorDisposer
Event: 2.484 Loading class java/awt/Cursor$CursorDisposer done
Event: 2.484 Loading class java/awt/event/MouseWheelEvent
Event: 2.484 Loading class java/awt/event/MouseWheelEvent done
Event: 3.380 Loading class sun/awt/SunToolkit$1
Event: 3.381 Loading class sun/awt/SunToolkit$1 done
Event: 25201.394 Loading class java/awt/desktop/SystemSleepListener
Event: 25201.395 Loading class java/awt/desktop/SystemEventListener
Event: 25201.395 Loading class java/awt/desktop/SystemEventListener done
Event: 25201.395 Loading class java/awt/desktop/SystemSleepListener done

Classes unloaded (0 events):
No events

Classes redefined (0 events):
No events

Internal exceptions (20 events):
Event: 0.165 Thread 0x0000016bfbf9bb70 Exception <a 'java/io/FileNotFoundException'{0x0000000705e2fe48}> (0x0000000705e2fe48) 
thrown [s\open\src\hotspot\share\prims\jni.cpp, line 514]
Event: 0.240 Thread 0x0000016bfbf9bb70 Exception <a 'java/lang/NoSuchMethodError'{0x0000000705e7ef88}: 'long java.lang.invoke.DirectMethodHandle$Holder.invokeStatic(java.lang.Object, java.lang.Object)'> (0x0000000705e7ef88) 
thrown [s\open\src\hotspot\share\interpreter\linkResolver.cpp, line 804]
Event: 0.243 Thread 0x0000016bfbf9bb70 Exception <a 'java/lang/NoSuchMethodError'{0x0000000705e9fa08}: 'long java.lang.invoke.DirectMethodHandle$Holder.invokeStaticInit(java.lang.Object, java.lang.Object)'> (0x0000000705e9fa08) 
thrown [s\open\src\hotspot\share\interpreter\linkResolver.cpp, line 804]
Event: 0.245 Thread 0x0000016bfbf9bb70 Exception <a 'java/lang/NoSuchMethodError'{0x0000000705ea82b8}: 'java.lang.Object java.lang.invoke.DirectMethodHandle$Holder.invokeStatic(java.lang.Object, long, java.lang.Object)'> (0x0000000705ea82b8) 
thrown [s\open\src\hotspot\share\interpreter\linkResolver.cpp, line 804]
Event: 0.246 Thread 0x0000016bfbf9bb70 Exception <a 'java/lang/NoSuchMethodError'{0x0000000705eb0408}: 'java.lang.Object java.lang.invoke.DirectMethodHandle$Holder.invokeStaticInit(java.lang.Object, long, java.lang.Object)'> (0x0000000705eb0408) 
thrown [s\open\src\hotspot\share\interpreter\linkResolver.cpp, line 804]
Event: 0.247 Thread 0x0000016bfbf9bb70 Exception <a 'java/lang/NoSuchMethodError'{0x0000000705eb8ba0}: 'java.lang.Object java.lang.invoke.DirectMethodHandle$Holder.invokeStatic(java.lang.Object, long)'> (0x0000000705eb8ba0) 
thrown [s\open\src\hotspot\share\interpreter\linkResolver.cpp, line 804]
Event: 0.250 Thread 0x0000016bfbf9bb70 Exception <a 'java/lang/NoSuchMethodError'{0x0000000705ec0bf8}: 'java.lang.Object java.lang.invoke.DirectMethodHandle$Holder.invokeStaticInit(java.lang.Object, long)'> (0x0000000705ec0bf8) 
thrown [s\open\src\hotspot\share\interpreter\linkResolver.cpp, line 804]
Event: 0.276 Thread 0x0000016bfbf9bb70 Exception <a 'java/lang/NoSuchMethodError'{0x0000000705eef0f8}: 'void java.lang.invoke.DirectMethodHandle$Holder.invokeSpecial(java.lang.Object, java.lang.Object, java.lang.Object)'> (0x0000000705eef0f8) 
thrown [s\open\src\hotspot\share\interpreter\linkResolver.cpp, line 804]
Event: 0.295 Thread 0x0000016bfbf9bb70 Exception <a 'java/lang/NoSuchMethodError'{0x0000000705f5f488}: 'java.lang.Object java.lang.invoke.DirectMethodHandle$Holder.newInvokeSpecial(java.lang.Object, java.lang.Object, java.lang.Object, java.lang.Object, java.lang.Object)'> (0x0000000705f5f488) 
thrown [s\open\src\hotspot\share\interpreter\linkResolver.cpp, line 804]
Event: 0.308 Thread 0x0000016bfbf9bb70 Exception <a 'java/lang/NoSuchMethodError'{0x0000000705fc7f18}: 'java.lang.Object java.lang.invoke.DirectMethodHandle$Holder.invokeStatic(java.lang.Object, int, java.lang.Object)'> (0x0000000705fc7f18) 
thrown [s\open\src\hotspot\share\interpreter\linkResolver.cpp, line 804]
Event: 0.365 Thread 0x0000016bfbf9bb70 Exception <a 'java/lang/ClassNotFoundException'{0x00000007061fb350}: com/sun/swing/internal/plaf/metal/resources/spi/metalProvider> (0x00000007061fb350) 
thrown [s\open\src\hotspot\share\classfile\systemDictionary.cpp, line 329]
Event: 0.367 Thread 0x0000016bfbf9bb70 Exception <a 'java/lang/ClassNotFoundException'{0x00000007061ff108}: com/sun/swing/internal/plaf/basic/resources/spi/basicProvider> (0x00000007061ff108) 
thrown [s\open\src\hotspot\share\classfile\systemDictionary.cpp, line 329]
Event: 0.386 Thread 0x0000016bfbf9bb70 Exception <a 'java/lang/NoSuchMethodError'{0x0000000706025c48}: 'int java.lang.invoke.Invokers$Holder.invokeExact_MT(java.lang.Object, java.lang.Object)'> (0x0000000706025c48) 
thrown [s\open\src\hotspot\share\interpreter\linkResolver.cpp, line 804]
Event: 0.399 Thread 0x0000016ba12ad8e0 Exception <a 'java/lang/NoSuchMethodError'{0x0000000706041a58}: 'void java.lang.invoke.DirectMethodHandle$Holder.invokeVirtual(java.lang.Object, java.lang.Object)'> (0x0000000706041a58) 
thrown [s\open\src\hotspot\share\interpreter\linkResolver.cpp, line 804]
Event: 0.423 Thread 0x0000016bfbf9bb70 Exception <a 'java/lang/NoSuchMethodError'{0x0000000706075520}: 'void java.lang.invoke.DirectMethodHandle$Holder.invokeStaticInit(java.lang.Object)'> (0x0000000706075520) 
thrown [s\open\src\hotspot\share\interpreter\linkResolver.cpp, line 804]
Event: 0.449 Thread 0x0000016bfbf9bb70 Exception <a 'java/lang/NoSuchMethodError'{0x00000007060aaad8}: 'long java.lang.invoke.DirectMethodHandle$Holder.invokeStaticInit(java.lang.Object, long, long, long, long)'> (0x00000007060aaad8) 
thrown [s\open\src\hotspot\share\interpreter\linkResolver.cpp, line 804]
Event: 0.450 Thread 0x0000016bfbf9bb70 Exception <a 'java/lang/NoSuchMethodError'{0x00000007060b3958}: 'java.lang.Object java.lang.invoke.DirectMethodHandle$Holder.invokeInterface(java.lang.Object, java.lang.Object, long, long)'> (0x00000007060b3958) 
thrown [s\open\src\hotspot\share\interpreter\linkResolver.cpp, line 804]
Event: 0.453 Thread 0x0000016bfbf9bb70 Exception <a 'java/lang/NoSuchMethodError'{0x00000007060cc900}: 'void java.lang.invoke.DirectMethodHandle$Holder.invokeStaticInit(java.lang.Object, java.lang.Object, long, java.lang.Object)'> (0x00000007060cc900) 
thrown [s\open\src\hotspot\share\interpreter\linkResolver.cpp, line 804]
Event: 0.453 Thread 0x0000016bfbf9bb70 Exception <a 'java/lang/NoSuchMethodError'{0x00000007060d5788}: 'long java.lang.invoke.DirectMethodHandle$Holder.invokeStatic(java.lang.Object, long, long)'> (0x00000007060d5788) 
thrown [s\open\src\hotspot\share\interpreter\linkResolver.cpp, line 804]
Event: 0.458 Thread 0x0000016bfbf9bb70 Exception <a 'java/lang/NoSuchMethodError'{0x00000007060f8200}: 'java.lang.Object java.lang.invoke.DirectMethodHandle$Holder.newInvokeSpecial(java.lang.Object, int, java.lang.Object)'> (0x00000007060f8200) 
thrown [s\open\src\hotspot\share\interpreter\linkResolver.cpp, line 804]

VM Operations (20 events):
Event: 50598.352 Executing non-safepoint VM operation: HandshakeAllThreads (DeflationHandshakeClosure)
Event: 50598.352 Executing non-safepoint VM operation: HandshakeAllThreads (DeflationHandshakeClosure) done
Event: 50598.352 Executing non-safepoint VM operation: RendezvousGCThreads
Event: 50598.352 Executing non-safepoint VM operation: RendezvousGCThreads done
Event: 57776.096 Executing non-safepoint VM operation: HandshakeAllThreads (DeflationHandshakeClosure)
Event: 57776.096 Executing non-safepoint VM operation: HandshakeAllThreads (DeflationHandshakeClosure) done
Event: 57776.096 Executing non-safepoint VM operation: RendezvousGCThreads
Event: 57776.096 Executing non-safepoint VM operation: RendezvousGCThreads done
Event: 59279.414 Executing non-safepoint VM operation: HandshakeAllThreads (DeflationHandshakeClosure)
Event: 59279.414 Executing non-safepoint VM operation: HandshakeAllThreads (DeflationHandshakeClosure) done
Event: 59279.414 Executing non-safepoint VM operation: RendezvousGCThreads
Event: 59279.414 Executing non-safepoint VM operation: RendezvousGCThreads done
Event: 90262.236 Executing non-safepoint VM operation: HandshakeAllThreads (DeflationHandshakeClosure)
Event: 90262.236 Executing non-safepoint VM operation: HandshakeAllThreads (DeflationHandshakeClosure) done
Event: 90262.236 Executing non-safepoint VM operation: RendezvousGCThreads
Event: 90262.236 Executing non-safepoint VM operation: RendezvousGCThreads done
Event: 143054.947 Executing non-safepoint VM operation: HandshakeAllThreads (DeflationHandshakeClosure)
Event: 143054.948 Executing non-safepoint VM operation: HandshakeAllThreads (DeflationHandshakeClosure) done
Event: 143054.964 Executing non-safepoint VM operation: RendezvousGCThreads
Event: 143054.965 Executing non-safepoint VM operation: RendezvousGCThreads done

Memory protections (0 events):
No events

Nmethod flushes (0 events):
No events

Events (20 events):
Event: 0.035 Thread 0x0000016bfbf9bb70 Thread added: 0x0000016bfbf9bb70
Event: 0.048 Thread 0x0000016bfbf9bb70 Thread added: 0x0000016b9c5565c0
Event: 0.049 Thread 0x0000016bfbf9bb70 Thread added: 0x0000016b9c556ec0
Event: 0.049 Thread 0x0000016bfbf9bb70 Thread added: 0x0000016b9c559650
Event: 0.049 Thread 0x0000016bfbf9bb70 Thread added: 0x0000016b9c55b210
Event: 0.049 Thread 0x0000016bfbf9bb70 Thread added: 0x0000016b9c55c020
Event: 0.049 Thread 0x0000016bfbf9bb70 Thread added: 0x0000016b9c55fab0
Event: 0.049 Thread 0x0000016bfbf9bb70 Thread added: 0x0000016b9c57a0d0
Event: 0.050 Thread 0x0000016bfbf9bb70 Thread added: 0x0000016b9c57c990
Event: 0.086 Thread 0x0000016b9c57c990 Thread added: 0x0000016b9c70d020
Event: 0.101 Thread 0x0000016bfbf9bb70 Thread added: 0x0000016b9c78fd60
Event: 0.131 Thread 0x0000016bfbf9bb70 Thread added: 0x0000016b9c7fd750
Event: 0.131 Thread 0x0000016bfbf9bb70 Thread added: 0x0000016b9c7fdf00
Event: 0.218 Thread 0x0000016bfbf9bb70 Thread added: 0x0000016b9ca138e0
Event: 0.219 Thread 0x0000016bfbf9bb70 Thread added: 0x0000016ba12aa060
Event: 0.220 Thread 0x0000016bfbf9bb70 Thread added: 0x0000016ba12ad8e0
Event: 0.398 Thread 0x0000016ba12ad8e0 Thread added: 0x0000016ba1483530
Event: 0.552 Thread 0x0000016bfbf9bb70 Thread exited: 0x0000016bfbf9bb70
Event: 0.552 Thread 0x0000016bfbf9bb70 Thread added: 0x0000016bfbf9bb70
Event: 2.486 Thread 0x0000016b9c70d020 Thread exited: 0x0000016b9c70d020


Dynamic libraries:
0x00007ff7a5910000 - 0x00007ff7a5920000 	C:\Program Files\Java\jdk-26\bin\java.exe
0x00007ffcb3480000 - 0x00007ffcb36e7000 	C:\WINDOWS\SYSTEM32\ntdll.dll
0x00007ffcb2160000 - 0x00007ffcb2229000 	C:\WINDOWS\System32\KERNEL32.DLL
0x00007ffcb0950000 - 0x00007ffcb0d44000 	C:\WINDOWS\System32\KERNELBASE.dll
0x00007ffcafed0000 - 0x00007ffcb001b000 	C:\WINDOWS\System32\ucrtbase.dll
0x00007ffcaabb0000 - 0x00007ffcaabce000 	C:\Program Files\Java\jdk-26\bin\VCRUNTIME140.dll
0x00007ffcaad30000 - 0x00007ffcaad47000 	C:\Program Files\Java\jdk-26\bin\jli.dll
0x00007ffcb1aa0000 - 0x00007ffcb1c65000 	C:\WINDOWS\System32\USER32.dll
0x00007ffc93690000 - 0x00007ffc93923000 	C:\WINDOWS\WinSxS\amd64_microsoft.windows.common-controls_6595b64144ccf1df_6.0.26100.8115_none_3e075c82e3354f9c\COMCTL32.dll
0x00007ffcb1130000 - 0x00007ffcb1157000 	C:\WINDOWS\System32\win32u.dll
0x00007ffcb2130000 - 0x00007ffcb215b000 	C:\WINDOWS\System32\GDI32.dll
0x00007ffcb2eb0000 - 0x00007ffcb2f59000 	C:\WINDOWS\System32\msvcrt.dll
0x00007ffcb0e00000 - 0x00007ffcb0f2b000 	C:\WINDOWS\System32\gdi32full.dll
0x00007ffcb0d50000 - 0x00007ffcb0df3000 	C:\WINDOWS\System32\msvcp_win.dll
0x00007ffcb3400000 - 0x00007ffcb3432000 	C:\WINDOWS\System32\IMM32.DLL
0x00007ffcacf80000 - 0x00007ffcacf8c000 	C:\Program Files\Java\jdk-26\bin\vcruntime140_1.dll
0x00007ffc994c0000 - 0x00007ffc9954d000 	C:\Program Files\Java\jdk-26\bin\msvcp140.dll
0x00007ffc19310000 - 0x00007ffc1a1de000 	C:\Program Files\Java\jdk-26\bin\server\jvm.dll
0x00007ffcb2860000 - 0x00007ffcb2916000 	C:\WINDOWS\System32\ADVAPI32.dll
0x00007ffcb1e70000 - 0x00007ffcb1f17000 	C:\WINDOWS\System32\sechost.dll
0x00007ffcb3140000 - 0x00007ffcb3258000 	C:\WINDOWS\System32\RPCRT4.dll
0x00007ffcb1cf0000 - 0x00007ffcb1d70000 	C:\WINDOWS\System32\WS2_32.dll
0x00007ffcafbd0000 - 0x00007ffcafc2e000 	C:\WINDOWS\SYSTEM32\POWRPROF.dll
0x00007ffca67a0000 - 0x00007ffca67d6000 	C:\WINDOWS\SYSTEM32\WINMM.dll
0x00007ffc94bc0000 - 0x00007ffc94bcb000 	C:\WINDOWS\SYSTEM32\VERSION.dll
0x00007ffcafbb0000 - 0x00007ffcafbc4000 	C:\WINDOWS\SYSTEM32\UMPDC.dll
0x00007ffcaeac0000 - 0x00007ffcaeadb000 	C:\WINDOWS\SYSTEM32\kernel.appcore.dll
0x00007ffcaaba0000 - 0x00007ffcaabaa000 	C:\Program Files\Java\jdk-26\bin\jimage.dll
0x00007ffcadba0000 - 0x00007ffcadde2000 	C:\WINDOWS\SYSTEM32\DBGHELP.DLL
0x00007ffcb2920000 - 0x00007ffcb2ca2000 	C:\WINDOWS\System32\combase.dll
0x00007ffcb2dd0000 - 0x00007ffcb2ea8000 	C:\WINDOWS\System32\OLEAUT32.dll
0x00007ffc9a900000 - 0x00007ffc9a93b000 	C:\WINDOWS\SYSTEM32\dbgcore.DLL
0x00007ffcb1160000 - 0x00007ffcb1205000 	C:\WINDOWS\System32\bcryptPrimitives.dll
0x00007ffcaab90000 - 0x00007ffcaaba0000 	C:\Program Files\Java\jdk-26\bin\instrument.dll
0x00007ffca1950000 - 0x00007ffca196f000 	C:\Program Files\Java\jdk-26\bin\java.dll
0x00007ffcb3260000 - 0x00007ffcb33f7000 	C:\WINDOWS\System32\ole32.dll
0x00007ffcb12d0000 - 0x00007ffcb1a37000 	C:\WINDOWS\System32\SHELL32.dll
0x00007ffcb0f30000 - 0x00007ffcb109a000 	C:\WINDOWS\System32\wintypes.dll
0x00007ffcb00e0000 - 0x00007ffcb0948000 	C:\WINDOWS\System32\windows.storage.dll
0x00007ffcb2cd0000 - 0x00007ffcb2dc8000 	C:\WINDOWS\System32\SHCORE.dll
0x00007ffcb1f20000 - 0x00007ffcb1f86000 	C:\WINDOWS\System32\shlwapi.dll
0x00007ffcafc70000 - 0x00007ffcafc99000 	C:\WINDOWS\SYSTEM32\profapi.dll
0x00007ffca1880000 - 0x00007ffca1897000 	C:\Program Files\Java\jdk-26\bin\zip.dll
0x00007ffca1930000 - 0x00007ffca1942000 	C:\Program Files\Java\jdk-26\bin\net.dll
0x00007ffcaf050000 - 0x00007ffcaf0bc000 	C:\WINDOWS\system32\mswsock.dll
0x00007ffca18a0000 - 0x00007ffca18b6000 	C:\Program Files\Java\jdk-26\bin\nio.dll
0x00007ffca1920000 - 0x00007ffca1929000 	C:\Program Files\Java\jdk-26\bin\extnet.dll
0x00007ffc99330000 - 0x00007ffc994b5000 	C:\Program Files\Java\jdk-26\bin\awt.dll
0x00007ffcad0f0000 - 0x00007ffcad18f000 	C:\WINDOWS\SYSTEM32\apphelp.dll
0x00007ffcad5c0000 - 0x00007ffcad5ef000 	C:\WINDOWS\system32\DWMAPI.DLL
0x00007ffcad300000 - 0x00007ffcad3a9000 	C:\WINDOWS\system32\uxtheme.dll
0x00007ffc4f340000 - 0x00007ffc4f44f000 	C:\WINDOWS\system32\opengl32.dll
0x00007ffc88d30000 - 0x00007ffc88d5d000 	C:\WINDOWS\SYSTEM32\GLU32.dll
0x00007ffcad400000 - 0x00007ffcad443000 	C:\WINDOWS\SYSTEM32\dxcore.dll
0x00007ffcb1f90000 - 0x00007ffcb20ec000 	C:\WINDOWS\System32\MSCTF.dll
0x00007ffc992a0000 - 0x00007ffc99327000 	C:\Program Files\Java\jdk-26\bin\freetype.dll
0x00007ffc7c830000 - 0x00007ffc7c91f000 	C:\Program Files\Java\jdk-26\bin\fontmanager.dll
0x00007ffc9c4c0000 - 0x00007ffc9c608000 	C:\WINDOWS\SYSTEM32\textinputframework.dll
0x00007ffc7fc20000 - 0x00007ffc80040000 	C:\WINDOWS\SYSTEM32\UIAutomationCore.DLL
0x00007ffcb1210000 - 0x00007ffcb12be000 	C:\WINDOWS\System32\clbcatq.dll
0x00007ffc7e9a0000 - 0x00007ffc7ea16000 	C:\WINDOWS\SYSTEM32\OLEACC.dll
0x00007ffcace10000 - 0x00007ffcacf37000 	C:\WINDOWS\SYSTEM32\CoreMessaging.dll
0x00007ffca9470000 - 0x00007ffca9752000 	C:\WINDOWS\SYSTEM32\CoreUIComponents.dll
0x00007ffcaf350000 - 0x00007ffcaf35c000 	C:\WINDOWS\SYSTEM32\CRYPTBASE.DLL

JVMTI agents:
C:\Program Files\JetBrains\IntelliJ IDEA 2025.3.4\lib\idea_rt.jar path:C:\Program Files\Java\jdk-26\bin\instrument.dll, loaded, initialized, instrumentlib options:53639

dbghelp: loaded successfully - version: 4.0.5 - missing functions: none
symbol engine: initialized successfully - sym options: 0x614 - pdb path: .;C:\Program Files\Java\jdk-26\bin;C:\WINDOWS\SYSTEM32;C:\WINDOWS\WinSxS\amd64_microsoft.windows.common-controls_6595b64144ccf1df_6.0.26100.8115_none_3e075c82e3354f9c;C:\Program Files\Java\jdk-26\bin\server

VM Arguments:
jvm_args: -javaagent:C:\Program Files\JetBrains\IntelliJ IDEA 2025.3.4\lib\idea_rt.jar=53639 -Dfile.encoding=UTF-8 -Dsun.stdout.encoding=UTF-8 -Dsun.stderr.encoding=UTF-8 
java_command: Q12
java_class_path (initial): C:\Users\DESHANI\Desktop\CT2022067\LW1\out\production\LW1
Launcher Type: SUN_STANDARD

[Global flags]
     bool AOTAdapterCaching                        = false                                  {diagnostic} {ergonomic}
     bool AOTInvokeDynamicLinking                  = false                                  {diagnostic} {ergonomic}
     bool AOTRecordTraining                        = false                                  {diagnostic} {ergonomic}
     bool AOTReplayTraining                        = false                                  {diagnostic} {ergonomic}
     bool AOTStubCaching                           = false                                  {diagnostic} {ergonomic}
     intx CICompilerCount                          = 4                                         {product} {ergonomic}
     uint ConcGCThreads                            = 3                                         {product} {ergonomic}
     uint G1ConcRefinementThreads                  = 10                                        {product} {ergonomic}
     uint G1EagerReclaimRemSetThreshold            = 16                                   {experimental} {ergonomic}
   size_t G1HeapRegionSize                         = 2097152                                   {product} {ergonomic}
     uint G1RemSetArrayOfCardsEntries              = 16                                   {experimental} {ergonomic}
     uint G1RemSetHowlMaxNumBuckets                = 8                                    {experimental} {ergonomic}
     uint G1RemSetHowlNumBuckets                   = 8                                    {experimental} {ergonomic}
   size_t InitialHeapSize                          = 8388608                                   {product} {ergonomic}
     bool IntelJccErratumMitigation                = false                             {ARCH diagnostic} {ergonomic}
   size_t MarkStackSize                            = 4194304                                   {product} {ergonomic}
   size_t MarkStackSizeMax                         = 536870912                                 {product} {ergonomic}
   size_t MaxHeapSize                              = 4200595456                                {product} {ergonomic}
   size_t MaxNewSize                               = 2518679552                                {product} {ergonomic}
 uint64_t MaxRAM                                   = 16794984448                               {product} {ergonomic}
   size_t MinHeapDeltaBytes                        = 2097152                                   {product} {ergonomic}
   size_t MinHeapSize                              = 8388608                                   {product} {ergonomic}
   size_t NonNMethodCodeHeapSize                   = 5832704                                {pd product} {ergonomic}
   size_t NonProfiledCodeHeapSize                  = 122945536                              {pd product} {ergonomic}
   size_t ProfiledCodeHeapSize                     = 122880000                              {pd product} {ergonomic}
   size_t ReservedCodeCacheSize                    = 251658240                              {pd product} {ergonomic}
     bool SegmentedCodeCache                       = true                                      {product} {ergonomic}
   size_t SoftMaxHeapSize                          = 4200595456                             {manageable} {ergonomic}
     bool UseCompressedOops                        = true                           {product lp64_product} {ergonomic}
     bool UseCondCardMark                          = true                                      {product} {ergonomic}
     bool UseFastUnorderedTimeStamps               = true                                 {experimental} {ergonomic}
     bool UseG1GC                                  = true                                      {product} {ergonomic}
     bool UseLargePagesIndividualAllocation        = false                                  {pd product} {ergonomic}
      int X86ICacheSync                            = 3                                 {ARCH diagnostic} {ergonomic}

Logging:
Log output configuration:
 #0: stdout all=warning uptime,level,tags foldmultilines=false
 #1: stderr all=off uptime,level,tags foldmultilines=false

Release file:
IMPLEMENTOR="Oracle Corporation" 
JAVA_RUNTIME_VERSION="26+35-2893" 
JAVA_VERSION="26" 
JAVA_VERSION_DATE="2026-03-17" 
LIBC="default" 
MODULES="java.base java.compiler java.datatransfer java.xml java.prefs java.desktop java.instrument java.logging java.management java.security.sasl java.naming java.rmi java.management.rmi java.net.http java.scripting java.security.jgss java.transaction.xa java.sql java.sql.rowset java.xml.crypto java.se java.smartcardio jdk.accessibility jdk.internal.jvmstat jdk.attach jdk.charsets jdk.internal.opt jdk.zipfs jdk.compiler jdk.crypto.cryptoki jdk.crypto.ec jdk.crypto.mscapi jdk.dynalink jdk.internal.ed jdk.editpad jdk.internal.vm.ci jdk.graal.compiler jdk.graal.compiler.management jdk.hotspot.agent jdk.httpserver jdk.incubator.vector jdk.internal.le jdk.internal.md jdk.jartool jdk.javadoc jdk.jcmd jdk.management jdk.management.agent jdk.jconsole jdk.jdeps jdk.jdwp.agent jdk.jdi jdk.jfr jdk.jlink jdk.jpackage jdk.jshell jdk.jstatd jdk.localedata jdk.management.jfr jdk.naming.dns jdk.naming.rmi jdk.net jdk.nio.mapmode jdk.sctp jdk.security.auth jdk.security.jgss jdk.unsupported jdk.unsupported.desktop jdk.xml.dom" 
OS_ARCH="x86_64" 
OS_NAME="Windows" 
SOURCE=".:git:1327d96f3b3c open:git:4408cd2a07a1" 

Environment Variables:
JAVA_HOME=C:\Program Files\Java\jdk-26
PATH=C:\Program Files\Common Files\Oracle\Java\javapath;C:\WINDOWS\system32;C:\WINDOWS;C:\WINDOWS\System32\Wbem;C:\WINDOWS\System32\WindowsPowerShell\v1.0\;C:\WINDOWS\System32\OpenSSH\;C:\Program Files\Git\cmd;C:\Program Files\PuTTY\;C:\Program Files\nodejs\;C:\Program Files\Java\jdk-26\bin;C:\Program Files\Common Files\Oracle\Java\javapath;C:\Users\DESHANI\AppData\Local\Programs\Python\Launcher\;C:\Users\DESHANI\AppData\Local\Microsoft\WindowsApps;C:\Users\DESHANI\AppData\Local\GitHubDesktop\bin;C:\Users\DESHANI\AppData\Local\Programs\Microsoft VS Code\bin;C:\Users\DESHANI\AppData\Roaming\npm
USERNAME=DESHANI
OS=Windows_NT
PROCESSOR_IDENTIFIER=Intel64 Family 6 Model 186 Stepping 3, GenuineIntel
TMP=C:\Users\DESHANI\AppData\Local\Temp
TEMP=C:\Users\DESHANI\AppData\Local\Temp




Compilation memory statistics disabled.

Periodic native trim disabled

---------------  S Y S T E M  ---------------

OS:
 Windows 11 , 64 bit Build 26100 (10.0.26100.8246)
OS uptime: 9 days 3:41 hours
Hyper-V role detected

CPU: total 12 (initial active 12) (hybrid) family 6 model 186 stepping 3 microcode 0x410e, cx8, cmov, fxsr, ht, mmx, 3dnowpref, sse, sse2, sse3, ssse3, sse4.1, sse4.2, popcnt, lzcnt, tsc, tscinvbit, avx, avx2, aes, erms, clmul, bmi1, bmi2, adx, sha, fma, vzeroupper, clflush, clflushopt, clwb, hv, serialize, rdtscp, rdpid, fsrm, gfni, f16c, cet_ibt, cet_ss, hybrid
Processor Information for processor 0
  Max Mhz: 1700, Current Mhz: 1700, Mhz Limit: 1700
Processor Information for processor 1
  Max Mhz: 1700, Current Mhz: 1700, Mhz Limit: 1700
Processor Information for processor 2
  Max Mhz: 1700, Current Mhz: 1700, Mhz Limit: 1700
Processor Information for processor 3
  Max Mhz: 1700, Current Mhz: 1700, Mhz Limit: 1700
Processor Information for processor 4
  Max Mhz: 1700, Current Mhz: 1200, Mhz Limit: 1190
Processor Information for processor 5
  Max Mhz: 1700, Current Mhz: 1200, Mhz Limit: 1190
Processor Information for processor 6
  Max Mhz: 1700, Current Mhz: 1200, Mhz Limit: 1190
Processor Information for processor 7
  Max Mhz: 1700, Current Mhz: 1200, Mhz Limit: 1190
Processor Information for processor 8
  Max Mhz: 1700, Current Mhz: 1200, Mhz Limit: 1190
Processor Information for processor 9
  Max Mhz: 1700, Current Mhz: 1200, Mhz Limit: 1190
Processor Information for processor 10
  Max Mhz: 1700, Current Mhz: 1200, Mhz Limit: 1190
Processor Information for processor 11
  Max Mhz: 1700, Current Mhz: 1200, Mhz Limit: 1190

Memory: 4k page, system-wide physical 16016M (3384M free)
TotalPageFile size 25263M (AvailPageFile size 4588M)
current process WorkingSet (physical memory assigned to process): 17M, peak: 72M
current process commit charge ("private bytes"): 104M, peak: 111M

vm_info: Java HotSpot(TM) 64-Bit Server VM (26+35-2893) for windows-amd64 JRE (26+35-2893), built on 2026-02-12T17:04:02Z with MS VC++ 17.13 (VS2022)

END.
