#
# A fatal error has been detected by the Java Runtime Environment:
#
#  EXCEPTION_ACCESS_VIOLATION (0xc0000005) at pc=0x00007ffc9940e776, pid=32896, tid=27208
#
# JRE version: Java(TM) SE Runtime Environment (26.0+35) (build 26+35-2893)
# Java VM: Java HotSpot(TM) 64-Bit Server VM (26+35-2893, mixed mode, sharing, tiered, compressed oops, compressed class ptrs, g1 gc, windows-amd64)
# Problematic frame:
# C  [awt.dll+0xde776]
#
# No core dump will be written. Minidumps are not enabled by default on client versions of Windows
#
# If you would like to submit a bug report, please visit:
#   https://bugreport.java.com/bugreport/crash.jsp
# The crash happened outside the Java Virtual Machine in native code.
# See problematic frame for where to report the bug.
#

---------------  S U M M A R Y ------------

Command Line: -javaagent:C:\Program Files\JetBrains\IntelliJ IDEA 2025.3.4\lib\idea_rt.jar=49183 -Dfile.encoding=UTF-8 -Dsun.stdout.encoding=UTF-8 -Dsun.stderr.encoding=UTF-8 Q2

Host: 13th Gen Intel(R) Core(TM) i7-1355U, 12 cores, 15G,  Windows 11 , 64 bit Build 26100 (10.0.26100.8246)
Time: Mon Apr 27 12:11:13 2026 Sri Lanka Standard Time elapsed time: 154718.778902 seconds (1d 18h 58m 38s)

---------------  T H R E A D  ---------------

Current thread (0x0000022bc38972d0):  JavaThread "AWT-EventQueue-0"        [_thread_in_native, id=27208, stack(0x0000009ca8c00000,0x0000009ca8d00000) (1024K)]

Stack: [0x0000009ca8c00000,0x0000009ca8d00000],  sp=0x0000009ca8cfeca0,  free space=1019k
Native frames: (J=compiled Java code, j=interpreted, Vv=VM code, C=native code)
C  [awt.dll+0xde776]  (no source info available)
C  [awt.dll+0xe0062]  (no source info available)
C  0x0000022bae9ed4f3  (no source info available)

The last pc belongs to native method entry point (kind = native) (printed below).
Java frames: (J=compiled Java code, j=interpreted, Vv=VM code)
j  sun.awt.Win32GraphicsDevice.initNativeScale(I)V+0 java.desktop@26
j  sun.awt.Win32GraphicsDevice.initScaleFactors()V+60 java.desktop@26
j  sun.awt.Win32GraphicsDevice.displayChanged()V+16 java.desktop@26
j  sun.awt.Win32GraphicsEnvironment.displayChanged()V+271 java.desktop@26
j  sun.awt.windows.WToolkit.lambda$displayChanged$0()V+15 java.desktop@26
j  sun.awt.windows.WToolkit$$Lambda+0x00000000180b0100.run()V+0 java.desktop@26
j  java.awt.event.InvocationEvent.dispatch()V+47 java.desktop@26
j  java.awt.EventQueue.dispatchEventImpl(Ljava/awt/AWTEvent;Ljava/lang/Object;)V+21 java.desktop@26
j  java.awt.EventQueue.dispatchEvent(Ljava/awt/AWTEvent;)V+22 java.desktop@26
j  java.awt.EventDispatchThread.pumpOneEventForFilters(I)V+81 java.desktop@26
j  java.awt.EventDispatchThread.pumpEventsForFilter(ILjava/awt/Conditional;Ljava/awt/EventFilter;)V+35 java.desktop@26
j  java.awt.EventDispatchThread.pumpEventsForHierarchy(ILjava/awt/Conditional;Ljava/awt/Component;)V+11 java.desktop@26
j  java.awt.EventDispatchThread.pumpEvents(ILjava/awt/Conditional;)V+4 java.desktop@26
j  java.awt.EventDispatchThread.pumpEvents(Ljava/awt/Conditional;)V+3 java.desktop@26
j  java.awt.EventDispatchThread.run()V+9 java.desktop@26
v  ~StubRoutines::Stub Generator call_stub_stub 0x0000022bae9e18e2

siginfo: EXCEPTION_ACCESS_VIOLATION (0xc0000005), reading address 0x000000010000004e


Registers:
RAX=0x00000000fffffffe, RBX=0x0000022bc38d20a0, RCX=0x00000000fffffffe, RDX=0x0000000000000000
RSP=0x0000009ca8cfeca0, RBP=0x0000009ca8cfed80, RSI=0x0000000000000000, RDI=0x0000000000000000
R8 =0x0000000000000001, R9 =0x0000009ca6c2a000, R10=0x0000022bae9ed593, R11=0x0000000000000100
R12=0x0000000000000000, R13=0x0000022bbf277550, R14=0x0000009ca8cfeda8, R15=0x0000022bc38972d0
RIP=0x00007ffc9940e776, EFLAGS=0x0000000000010206

XMM[0]=0x0000000000000000 0x0000000000000000
XMM[1]=0x0000000000000000 0x00000000bf800000
XMM[2]=0x0000000000000000 0x0000000000000000
XMM[3]=0x0000000000000000 0x0000000000000000
XMM[4]=0x0000000000000000 0x0000000000000000
XMM[5]=0x0000000000000000 0x0000000000000000
XMM[6]=0x0000000000000000 0x0000000000000000
XMM[7]=0x0000000000000000 0x0000000000000000
XMM[8]=0x0000000000000000 0x0000000000000000
XMM[9]=0x0000000000000000 0x0000000000000000
XMM[10]=0x0000000000000000 0x0000000000000000
XMM[11]=0x0000000000000000 0x0000000000000000
XMM[12]=0x0000000000000000 0x0000000000000000
XMM[13]=0x0000000000000000 0x0000000000000000
XMM[14]=0x0000000000000000 0x0000000000000000
XMM[15]=0x0000000000000000 0x0000000000000000
  MXCSR=0x00001fa0


Register to memory mapping:

RAX=0x00000000fffffffe is an unknown value
RBX=0x0000022bc38d20a0 points into unknown readable memory: 0x0000022bc389deb0 | b0 de 89 c3 2b 02 00 00
RCX=0x00000000fffffffe is an unknown value
RDX=0x0 is null
RSP=0x0000009ca8cfeca0 is pointing into the stack for thread: 0x0000022bc38972d0
RBP=0x0000009ca8cfed80 is pointing into the stack for thread: 0x0000022bc38972d0
RSI=0x0 is null
RDI=0x0 is null
R8 =0x0000000000000001 is an unknown value
R9 =0x0000009ca6c2a000 points into unknown readable memory: 0x0000000000000000 | 00 00 00 00 00 00 00 00
R10=0x0000022bae9ed593 is at code_begin+1139 in an Interpreter codelet
native method entry point (kind = native)  [0x0000022bae9ed120, 0x0000022bae9edc10]  2800 bytes
R11=0x0000000000000100 is an unknown value
R12=0x0 is null
R13={method} {0x0000022bbf277558} 'initNativeScale' '(I)V' in 'sun/awt/Win32GraphicsDevice'
R14=0x0000009ca8cfeda8 is pointing into the stack for thread: 0x0000022bc38972d0
R15=0x0000022bc38972d0 is a thread

Top of Stack: (sp=0x0000009ca8cfeca0)
0x0000009ca8cfeca0:   0000022bc38d20a0 0000009ca8cfed98   . ..+...........
0x0000009ca8cfecb0:   0000022b00000002 0000022bc38d20a0   ....+.... ..+...
0x0000009ca8cfecc0:   0000022bc38d20a0 00007ffc99410062   . ..+...b.A.....
0x0000009ca8cfecd0:   00007ffc9946d838 0000022bbf277550   8.F.....Pu'.+...
0x0000009ca8cfece0:   0000009ca8cfee00 0000022bae9f88c6   ............+...
0x0000009ca8cfecf0:   0000000000000001 0000022bae9ed4f3   ............+...
0x0000009ca8cfed00:   0000022bbf277550 0000009ca8cfee58   Pu'.+...X.......
0x0000009ca8cfed10:   0000009ca8cfee00 0000000000000001   ................
0x0000009ca8cfed20:   0000000000000000 00007ffc19a926ad   .........&......
0x0000009ca8cfed30:   0000009ca8cfee70 fffffffffffffff7   p...............
0x0000009ca8cfed40:   0000000000000000 0000000000000005   ................
0x0000009ca8cfed50:   0000022bbf27aab8 0000000000000000   ..'.+...........
0x0000009ca8cfed60:   0000000705ae7c48 0000022bbf277550   H|......Pu'.+...
0x0000009ca8cfed70:   0000000000000000 0000009ca8cfeda0   ................
0x0000009ca8cfed80:   0000009ca8cfedf8 0000022bae9e8e18   ............+...
0x0000009ca8cfed90:   0000000000000000 0000022bae9eaa57   ........W...+...
0x0000009ca8cfeda0:   0000000000000000 0000000705ad5270   ........pR......
0x0000009ca8cfedb0:   fffffffffffffff7 0000022bbf277bb4   .........{'.+...
0x0000009ca8cfedc0:   0000000000000002 0000022bbf27aab8   ..........'.+...
0x0000009ca8cfedd0:   0000000000000000 0000000705ae7c48   ........H|......
0x0000009ca8cfede0:   0000022bbf277c00 fffffffffffffff5   .|'.+...........
0x0000009ca8cfedf0:   0000009ca8cfee08 0000009ca8cfee58   ........X.......
0x0000009ca8cfee00:   0000022bae9e8e18 0000000705ad5270   ....+...pR......
0x0000009ca8cfee10:   fffffffffffffff7 0000022bbf279370   ........p.'.+...
0x0000009ca8cfee20:   0000000000000003 0000022bbf27aab8   ..........'.+...
0x0000009ca8cfee30:   0000000000000000 0000000705ae7c48   ........H|......
0x0000009ca8cfee40:   0000022bbf2793b8 fffffffffffffff6   ..'.+...........
0x0000009ca8cfee50:   0000009ca8cfee70 0000009ca8cfeec0   p...............
0x0000009ca8cfee60:   0000022bae9e8e18 0000000000000000   ....+...........
0x0000009ca8cfee70:   0000000705ad5270 fffffffffffffff7   pR..............
0x0000009ca8cfee80:   0000022bbf1d7377 0000000000000008   ws..+...........
0x0000009ca8cfee90:   0000022bbf1db5b0 0000000000000000   ....+...........

Instructions: (pc=0x00007ffc9940e776)
  0x00007ffc9940e676:   11 45 d4 0f 11 45 e4 0f 11 45 f4 89 45 04 c7 45
  0x00007ffc9940e686:   a0 68 00 00 00 0f 11 44 24 34 0f 11 44 24 44 0f
  0x00007ffc9940e696:   11 44 24 54 0f 11 44 24 64 0f 11 44 24 74 0f 11
  0x00007ffc9940e6a6:   45 84 89 45 94 c7 44 24 30 68 00 00 00 48 8d 55
  0x00007ffc9940e6b6:   a0 49 8b ce ff 15 d0 82 06 00 85 c0 74 41 48 8d
  0x00007ffc9940e6c6:   54 24 30 48 8b ce ff 15 be 82 06 00 85 c0 74 2f
  0x00007ffc9940e6d6:   48 8d 54 24 34 48 8d 4d a4 ff 15 f3 81 06 00 85
  0x00007ffc9940e6e6:   c0 74 1c 48 8d 54 24 44 48 8d 4d b4 ff 15 e0 81
  0x00007ffc9940e6f6:   06 00 85 c0 74 09 8b 44 24 54 39 45 c4 74 11 ff
  0x00007ffc9940e706:   c7 3b 7b 0c 0f 8c 40 ff ff ff 8b 3d 1a bd 06 00
  0x00007ffc9940e716:   48 8b cb e8 82 9e f4 ff 90 8b c7 48 8b 4d 10 48
  0x00007ffc9940e726:   33 cc e8 f3 f9 00 00 4c 8d 9c 24 20 01 00 00 49
  0x00007ffc9940e736:   8b 5b 28 49 8b 73 30 49 8b e3 41 5e 5f 5d c3 cc
  0x00007ffc9940e746:   cc cc cc cc cc cc cc cc cc cc 48 8b 41 08 48 8b
  0x00007ffc9940e756:   80 18 0c 00 00 c3 cc cc cc cc 48 8b 41 08 48 05
  0x00007ffc9940e766:   00 04 00 00 c3 cc cc cc cc cc 40 53 48 83 ec 20
=>0x00007ffc9940e776:   83 79 50 00 48 8b d9 75 56 48 8b 49 28 4c 8d 44
  0x00007ffc9940e786:   24 38 48 8d 54 24 30 c7 44 24 30 00 00 80 bf c7
  0x00007ffc9940e796:   44 24 38 00 00 80 bf e8 de d7 00 00 f3 0f 10 54
  0x00007ffc9940e7a6:   24 30 0f 57 c0 0f 2f d0 76 25 f3 0f 10 4c 24 38
  0x00007ffc9940e7b6:   0f 2f c8 76 1a f3 0f 5e 15 79 a5 02 00 f3 0f 5e
  0x00007ffc9940e7c6:   0d 71 a5 02 00 f3 0f 11 53 48 f3 0f 11 4b 4c 48
  0x00007ffc9940e7d6:   83 c4 20 5b c3 cc cc cc cc cc 48 89 5c 24 10 48
  0x00007ffc9940e7e6:   89 74 24 18 48 89 7c 24 20 41 56 48 83 ec 40 48
  0x00007ffc9940e7f6:   8b d9 48 83 79 18 00 75 14 b9 28 04 00 00 e8 a7
  0x00007ffc9940e806:   8d 00 00 48 89 43 18 c7 00 28 00 00 00 48 8b 43
  0x00007ffc9940e816:   18 45 33 f6 66 44 89 70 0e 48 8b 4b 28 e8 68 03
  0x00007ffc9940e826:   00 00 48 8b f8 ba 01 00 00 00 44 8b c2 48 8b c8
  0x00007ffc9940e836:   ff 15 f4 7d 06 00 48 8b f0 44 89 74 24 30 48 8b
  0x00007ffc9940e846:   4b 18 48 89 4c 24 28 4c 89 74 24 20 41 b9 01 00
  0x00007ffc9940e856:   00 00 45 33 c0 48 8b d0 48 8b cf ff 15 e9 7c 06
  0x00007ffc9940e866:   00 48 8b 53 30 48 8b 0b 83 79 04 08 0f 8e 0f 02


Stack slot to memory mapping:

stack at sp + 0 slots: 0x0000022bc38d20a0 points into unknown readable memory: 0x0000022bc389deb0 | b0 de 89 c3 2b 02 00 00
stack at sp + 1 slots: 0x0000009ca8cfed98 is pointing into the stack for thread: 0x0000022bc38972d0
stack at sp + 2 slots: 0x0000022b00000002 is an unknown value
stack at sp + 3 slots: 0x0000022bc38d20a0 points into unknown readable memory: 0x0000022bc389deb0 | b0 de 89 c3 2b 02 00 00
stack at sp + 4 slots: 0x0000022bc38d20a0 points into unknown readable memory: 0x0000022bc389deb0 | b0 de 89 c3 2b 02 00 00
stack at sp + 5 slots: 0x00007ffc99410062 awt.dll
stack at sp + 6 slots: 0x00007ffc9946d838 awt.dll
stack at sp + 7 slots: {method} {0x0000022bbf277558} 'initNativeScale' '(I)V' in 'sun/awt/Win32GraphicsDevice'

Lock stack of current Java thread (top to bottom):

native method entry point (kind = native)  [0x0000022bae9ed120, 0x0000022bae9edc10]  2800 bytes

Loading hsdis library failed, undisassembled code is shown in MachCode section
[MachCode]
  0x0000022bae9ed120: 488b 4b08 | 0fb7 492e | 584c 8d74 | ccf8 6800 | 0000 0068 | 0000 0000 | 5055 488b | ec41 5548 
  0x0000022bae9ed140: 8b43 084c | 8d68 3848 | 8b40 0868 | 0000 0000 | 5348 8b50 | 1848 8b52 | 7048 8b12 | 5248 8b53 
  0x0000022bae9ed160: 1048 85d2 | 7407 4881 | c2d0 0000 | 0052 488b | 5010 5249 | 8bc6 482b | c548 c1e8 | 0350 6800 
  0x0000022bae9ed180: 0000 0068 | f7ff ffff | 41c6 87ca | 0400 0001 | 488b 4310 | 4885 c074 | 208b 8890 | 0000 0083 
  0x0000022bae9ed1a0: c102 8988 | 9000 0000 | 2388 a400 | 0000 0f84 | ad09 0000 | e9cf 0000 | 0048 8b43 | 1848 85c0 
  0x0000022bae9ed1c0: 0f85 b000 | 0000 e805 | 0000 00e9 | 9900 0000 | 488b d348 | 8d44 2408 | 4c89 6dc0 | 498b cfc5 
  0x0000022bae9ed1e0: f877 4989 | af20 0400 | 0049 8987 | 1004 0000 | 4883 ec20 | 40f6 c40f | 0f84 1900 | 0000 4883 
  0x0000022bae9ed200: ec08 48b8 | 5073 7919 | fc7f 0000 | ffd0 4883 | c408 e90c | 0000 0048 | b850 7379 | 19fc 7f00 
  0x0000022bae9ed220: 00ff d048 | 83c4 2049 | c787 1004 | 0000 0000 | 0000 49c7 | 8720 0400 | 0000 0000 | 0049 c787 
  0x0000022bae9ed240: 1804 0000 | 0000 0000 | c5f8 7749 | 837f 0800 | 0f84 0500 | 0000 e985 | 45ff ff4c | 8b6d c04c 
  0x0000022bae9ed260: 8b75 c84e | 8d74 f500 | c348 8b43 | 1848 85c0 | 0f84 1200 | 0000 8b48 | 0883 c102 | 8948 0823 
  0x0000022bae9ed280: 482c 0f84 | d908 0000 | 493b a750 | 0500 000f | 8748 0000 | 0089 8424 | 00f0 ffff | 8984 2400 
  0x0000022bae9ed2a0: e0ff ff89 | 8424 00d0 | ffff 8984 | 2400 c0ff | ff89 8424 | 00b0 ffff | 8984 2400 | a0ff ff89 
  0x0000022bae9ed2c0: 8424 0090 | ffff 8984 | 2400 80ff | ff49 3ba7 | 4805 0000 | 7607 4989 | a750 0500 | 0041 c687 
  0x0000022bae9ed2e0: ca04 0000 | 0048 8b5d | e84c 8b5b | 0845 0fb7 | 5b2e 41c1 | e303 492b | e348 83ec | 2048 83e4 
  0x0000022bae9ed300: f04c 8b5b | 604d 85db | 0f85 ab00 | 0000 e805 | 0000 00e9 | 9900 0000 | 488b d348 | 8d44 2408 
  0x0000022bae9ed320: 4c89 6dc0 | 498b cfc5 | f877 4989 | af20 0400 | 0049 8987 | 1004 0000 | 4883 ec20 | 40f6 c40f 
  0x0000022bae9ed340: 0f84 1900 | 0000 4883 | ec08 48b8 | 109d 7919 | fc7f 0000 | ffd0 4883 | c408 e90c | 0000 0048 
  0x0000022bae9ed360: b810 9d79 | 19fc 7f00 | 00ff d048 | 83c4 2049 | c787 1004 | 0000 0000 | 0000 49c7 | 8720 0400 
  0x0000022bae9ed380: 0000 0000 | 0049 c787 | 1804 0000 | 0000 0000 | c5f8 7749 | 837f 0800 | 0f84 0500 | 0000 e93d 
  0x0000022bae9ed3a0: 44ff ff4c | 8b6d c04c | 8b75 c84e | 8d74 f500 | c348 8b5d | e84c 8b5b | 6041 ffd3 | 488b 5de8 
  0x0000022bae9ed3c0: 4889 4518 | 440f b75b | 2c41 f6c3 | 080f 841b | 0000 004c | 8b5b 084d | 8b5b 084d | 8b5b 184d 
  0x0000022bae9ed3e0: 8b5b 704d | 8b1b 4c89 | 5d10 488d | 5510 488b | 4358 49ba | b04e b619 | fc7f 0000 | 493b c20f 
  0x0000022bae9ed400: 85ab 0000 | 00e8 0500 | 0000 e999 | 0000 0048 | 8bd3 488d | 4424 084c | 896d c049 | 8bcf c5f8 
  0x0000022bae9ed420: 7749 89af | 2004 0000 | 4989 8710 | 0400 0048 | 83ec 2040 | f6c4 0f0f | 8419 0000 | 0048 83ec 
  0x0000022bae9ed440: 0848 b810 | 9d79 19fc | 7f00 00ff | d048 83c4 | 08e9 0c00 | 0000 48b8 | 109d 7919 | fc7f 0000 
  0x0000022bae9ed460: ffd0 4883 | c420 49c7 | 8710 0400 | 0000 0000 | 0049 c787 | 2004 0000 | 0000 0000 | 49c7 8718 
  0x0000022bae9ed480: 0400 0000 | 0000 00c5 | f877 4983 | 7f08 000f | 8405 0000 | 00e9 4643 | ffff 4c8b | 6dc0 4c8b 
  0x0000022bae9ed4a0: 75c8 4e8d | 74f5 00c3 | 488b 5de8 | 488b 4358 | 498d 8f30 | 0400 004c | 8d15 d500 | 0000 4d89 
  0x0000022bae9ed4c0: 9718 0400 | 00c5 f877 | 4989 af20 | 0400 0049 | 89a7 1004 | 0000 41c7 | 87ac 0400 | 0004 0000 
  0x0000022bae9ed4e0: 0049 3ba7 | a805 0000 | 7607 4989 | a7a8 0500 | 00ff d049 | 3ba7 a805 | 0000 720b | 49c7 87a8 
  0x0000022bae9ed500: 0500 0000 | 0000 00c5 | f877 4883 | ec10 c5fb | 1104 2448 | 83ec 1048 | 8904 2448 | c744 2408 
  0x0000022bae9ed520: 0000 0000 | 41c7 87ac | 0400 0005 | 0000 00f0 | 8344 24c0 | 0049 3b6f | 280f 870e | 0000 0041 
  0x0000022bae9ed540: 83bf a804 | 0000 000f | 8420 0000 | 0049 8bcf | 4c8b e448 | 83ec 2048 | 83e4 f048 | b860 057b 
  0x0000022bae9ed560: 19fc 7f00 | 00ff d049 | 8be4 4d33 | e441 c787 | ac04 0000 | 0800 0000 | 4d8b 97c0 | 0500 0049 
  0x0000022bae9ed580: 83fa 0074 | 3549 c787 | c005 0000 | 0000 0000 | 41ff e249 | ba60 c19e | ae2b 0200 | 0041 ffd2 
  0x0000022bae9ed5a0: 4883 ec10 | c5fb 1104 | 2448 83ec | 1048 8904 | 2448 c744 | 2408 0000 | 0000 49c7 | 8710 0400 
  0x0000022bae9ed5c0: 0000 0000 | 0049 c787 | 2004 0000 | 0000 0000 | 49c7 8718 | 0400 0000 | 0000 00c5 | f877 4d8b 
  0x0000022bae9ed5e0: 9f90 0400 | 0041 c783 | 0001 0000 | 0000 0000 | 49bb 5aaa | 9eae 2b02 | 0000 4c3b | 5d18 0f85 
  0x0000022bae9ed600: 5001 0000 | 488b 0424 | 4883 c410 | 4885 c00f | 842a 0100 | 00a8 030f | 8508 0000 | 0048 8b00 
  0x0000022bae9ed620: e91a 0100 | 00a8 010f | 8509 0000 | 0048 8b40 | fee9 0901 | 0000 488b | 40ff 4180 | 7f48 000f 
  0x0000022bae9ed640: 84fa 0000 | 0048 85c0 | 0f84 f100 | 0000 4d8b | 5f38 4d85 | db74 1449 | 83eb 084d | 895f 384d 
  0x0000022bae9ed660: 035f 4049 | 8903 e9d4 | 0000 0048 | 83ec 7048 | 8904 2448 | 894c 2408 | 4889 5424 | 104c 8944 
  0x0000022bae9ed680: 2418 4c89 | 4c24 204c | 8954 2428 | 4c89 5c24 | 30c5 fb11 | 4424 40c5 | fb11 4c24 | 48c5 fb11 
  0x0000022bae9ed6a0: 5424 50c5 | fb11 5c24 | 58c5 fb11 | 6424 60c5 | fb11 6c24 | 6849 8bd7 | 488b c848 | 83ec 2040 
  0x0000022bae9ed6c0: f6c4 0f0f | 8419 0000 | 0048 83ec | 0848 b890 | ac6d 19fc | 7f00 00ff | d048 83c4 | 08e9 0c00 
  0x0000022bae9ed6e0: 0000 48b8 | 90ac 6d19 | fc7f 0000 | ffd0 4883 | c420 c5fb | 106c 2468 | c5fb 1064 | 2460 c5fb 
  0x0000022bae9ed700: 105c 2458 | c5fb 1054 | 2450 c5fb | 104c 2448 | c5fb 1044 | 2440 4c8b | 5c24 304c | 8b54 2428 
  0x0000022bae9ed720: 4c8b 4c24 | 204c 8b44 | 2418 488b | 5424 1048 | 8b4c 2408 | 488b 0424 | 4883 c470 | c5f8 7748 
  0x0000022bae9ed740: 8945 1048 | 83ec 1048 | 8904 2448 | c744 2408 | 0000 0000 | 4183 bf30 | 0500 0002 | 0f85 bf00 
  0x0000022bae9ed760: 0000 4881 | ec80 0000 | 0048 8944 | 2478 4889 | 4c24 7048 | 8954 2468 | 4889 5c24 | 6048 896c 
  0x0000022bae9ed780: 2450 4889 | 7424 4848 | 897c 2440 | 4c89 4424 | 384c 894c | 2430 4c89 | 5424 284c | 895c 2420 
  0x0000022bae9ed7a0: 4c89 6424 | 184c 896c | 2410 4c89 | 7424 084c | 893c 244c | 8be4 4883 | ec20 4883 | e4f0 48b8 
  0x0000022bae9ed7c0: 3036 b619 | fc7f 0000 | ffd0 498b | e44c 8b3c | 244c 8b74 | 2408 4c8b | 6c24 104c | 8b64 2418 
  0x0000022bae9ed7e0: 4c8b 5c24 | 204c 8b54 | 2428 4c8b | 4c24 304c | 8b44 2438 | 488b 7c24 | 4048 8b74 | 2448 488b 
  0x0000022bae9ed800: 6c24 5048 | 8b5c 2460 | 488b 5424 | 6848 8b4c | 2470 488b | 4424 7848 | 81c4 8000 | 0000 4d33 
  0x0000022bae9ed820: e448 8b5d | e84c 8b6b | 084d 8d6d | 3849 837f | 0800 0f84 | bb00 0000 | e805 0000 | 00e9 9600 
  0x0000022bae9ed840: 0000 488d | 4424 084c | 896d c049 | 8bcf c5f8 | 7749 89af | 2004 0000 | 4989 8710 | 0400 0048 
  0x0000022bae9ed860: 83ec 2040 | f6c4 0f0f | 8419 0000 | 0048 83ec | 0848 b840 | bb79 19fc | 7f00 00ff | d048 83c4 
  0x0000022bae9ed880: 08e9 0c00 | 0000 48b8 | 40bb 7919 | fc7f 0000 | ffd0 4883 | c420 49c7 | 8710 0400 | 0000 0000 
  0x0000022bae9ed8a0: 0049 c787 | 2004 0000 | 0000 0000 | 49c7 8718 | 0400 0000 | 0000 00c5 | f877 4983 | 7f08 000f 
  0x0000022bae9ed8c0: 8405 0000 | 00e9 163f | ffff 4c8b | 6dc0 4c8b | 75c8 4e8d | 74f5 00c3 | 48b9 3872 | e119 fc7f 
  0x0000022bae9ed8e0: 0000 4883 | e4f0 48b8 | 40e4 a219 | fc7f 0000 | ffd0 f444 | 0fb7 5b2c | 41f6 c320 | 0f84 7201 
  0x0000022bae9ed900: 0000 488d | 55a8 4c8b | 5a08 4d85 | db0f 85bb | 0000 00e8 | 0500 0000 | e996 0000 | 0048 8d44 
  0x0000022bae9ed920: 2408 4c89 | 6dc0 498b | cfc5 f877 | 4989 af20 | 0400 0049 | 8987 1004 | 0000 4883 | ec20 40f6 
  0x0000022bae9ed940: c40f 0f84 | 1900 0000 | 4883 ec08 | 48b8 70ba | 7919 fc7f | 0000 ffd0 | 4883 c408 | e90c 0000 
  0x0000022bae9ed960: 0048 b870 | ba79 19fc | 7f00 00ff | d048 83c4 | 2049 c787 | 1004 0000 | 0000 0000 | 49c7 8720 
  0x0000022bae9ed980: 0400 0000 | 0000 0049 | c787 1804 | 0000 0000 | 0000 c5f8 | 7749 837f | 0800 0f84 | 0500 0000 
  0x0000022bae9ed9a0: e93b 3eff | ff4c 8b6d | c04c 8b75 | c84e 8d74 | f500 c348 | b938 72e1 | 19fc 7f00 | 0048 83e4 
  0x0000022bae9ed9c0: f048 b840 | e4a2 19fc | 7f00 00ff | d0f4 4c89 | 6dc0 4c8b | 4a08 48c7 | 4208 0000 | 0000 458b 
  0x0000022bae9ed9e0: 87c8 0600 | 004f 3b4c | 07f8 0f85 | 4200 0000 | 4183 afc8 | 0600 0008 | 4f3b 4c07 | f00f 842a 
  0x0000022bae9eda00: 0000 0049 | 8b01 a802 | 0f85 1200 | 0000 4c8b | c049 83c8 | 01f0 4d0f | b101 0f84 | 0d00 0000 
  0x0000022bae9eda20: 4183 87c8 | 0600 0008 | e905 0000 | 00e9 3e00 | 0000 4c89 | 4a08 488b | ca48 83ec | 2040 f6c4 
  0x0000022bae9eda40: 0f0f 8419 | 0000 0048 | 83ec 0848 | b8a0 8c79 | 19fc 7f00 | 00ff d048 | 83c4 08e9 | 0c00 0000 
  0x0000022bae9eda60: 48b8 a08c | 7919 fc7f | 0000 ffd0 | 4883 c420 | 4c8b 6dc0 | 41c6 877e | 0300 0001 | 493b 6f28 
  0x0000022bae9eda80: 0f87 0500 | 0000 e9ab | 0000 0048 | 83ec 10c5 | fb11 0424 | 4883 ec10 | 4889 0424 | 48c7 4424 
  0x0000022bae9edaa0: 0800 0000 | 00c5 f877 | 4989 af20 | 0400 0049 | baa5 da9e | ae2b 0200 | 004d 8997 | 1804 0000 
  0x0000022bae9edac0: 4989 a710 | 0400 0049 | 8bcf 4883 | ec20 40f6 | c40f 0f84 | 1900 0000 | 4883 ec08 | 48b8 e072 
  0x0000022bae9edae0: 7919 fc7f | 0000 ffd0 | 4883 c408 | e90c 0000 | 0048 b8e0 | 7279 19fc | 7f00 00ff | d048 83c4 
  0x0000022bae9edb00: 2049 c787 | 1004 0000 | 0000 0000 | 49c7 8720 | 0400 0000 | 0000 0049 | c787 1804 | 0000 0000 
  0x0000022bae9edb20: 0000 c5f8 | 7748 8b04 | 2448 83c4 | 10c5 fb10 | 0424 4883 | c410 488b | 0424 4883 | c410 c5fb 
  0x0000022bae9edb40: 1004 2448 | 83c4 104c | 8b5d 1841 | ffd3 4c8b | 5df8 c941 | c687 7e03 | 0000 005f | 498b e3ff 
  0x0000022bae9edb60: e7ba 0000 | 0000 e805 | 0000 00e9 | 9600 0000 | 488d 4424 | 084c 896d | c049 8bcf | c5f8 7749 
  0x0000022bae9edb80: 89af 2004 | 0000 4989 | 8710 0400 | 0048 83ec | 2040 f6c4 | 0f0f 8419 | 0000 0048 | 83ec 0848 
  0x0000022bae9edba0: b8a0 8279 | 19fc 7f00 | 00ff d048 | 83c4 08e9 | 0c00 0000 | 48b8 a082 | 7919 fc7f | 0000 ffd0 
  0x0000022bae9edbc0: 4883 c420 | 49c7 8710 | 0400 0000 | 0000 0049 | c787 2004 | 0000 0000 | 0000 49c7 | 8718 0400 
  0x0000022bae9edbe0: 0000 0000 | 00c5 f877 | 4983 7f08 | 000f 8405 | 0000 00e9 | e83b ffff | 4c8b 6dc0 | 4c8b 75c8 
  0x0000022bae9edc00: 4e8d 74f5 | 00c3 488b | 5de8 e979 | f6ff ff90 
[/MachCode]

---------------  P R O C E S S  ---------------

Threads class SMR info:
_java_thread_list=0x0000022bc31aa2a0, length=16, elements={
0x0000022bbed34080, 0x0000022bbed34ad0, 0x0000022bbed39010, 0x0000022bbed3abd0,
0x0000022bbed40480, 0x0000022bbed3f3a0, 0x0000022bbed68340, 0x0000022bbed6af60,
0x0000022bc319f290, 0x0000022bc31b8380, 0x0000022bc31b8b30, 0x0000022bc3200800,
0x0000022bc3200fb0, 0x0000022bc3201760, 0x0000022bc38972d0, 0x0000022b9e80b900
}

Java Threads: ( => current thread )
  0x0000022bbed34080 JavaThread "Reference Handler"          daemon [_thread_blocked, id=10028, stack(0x0000009ca7b00000,0x0000009ca7c00000) (1024K)]
  0x0000022bbed34ad0 JavaThread "Finalizer"                  daemon [_thread_blocked, id=12648, stack(0x0000009ca7c00000,0x0000009ca7d00000) (1024K)]
  0x0000022bbed39010 JavaThread "Signal Dispatcher"          daemon [_thread_blocked, id=25924, stack(0x0000009ca7d00000,0x0000009ca7e00000) (1024K)]
  0x0000022bbed3abd0 JavaThread "Attach Listener"            daemon [_thread_blocked, id=23188, stack(0x0000009ca7e00000,0x0000009ca7f00000) (1024K)]
  0x0000022bbed40480 JavaThread "Service Thread"             daemon [_thread_blocked, id=19812, stack(0x0000009ca7f00000,0x0000009ca8000000) (1024K)]
  0x0000022bbed3f3a0 JavaThread "Monitor Deflation Thread"   daemon [_thread_blocked, id=34556, stack(0x0000009ca8000000,0x0000009ca8100000) (1024K)]
  0x0000022bbed68340 JavaThread "C2 CompilerThread0"         daemon [_thread_blocked, id=3992, stack(0x0000009ca8100000,0x0000009ca8200000) (1024K)]
  0x0000022bbed6af60 JavaThread "C1 CompilerThread0"         daemon [_thread_blocked, id=27128, stack(0x0000009ca8200000,0x0000009ca8300000) (1024K)]
  0x0000022bc319f290 JavaThread "Common-Cleaner"             daemon [_thread_blocked, id=10056, stack(0x0000009ca8300000,0x0000009ca8400000) (1024K)]
  0x0000022bc31b8380 JavaThread "Monitor Ctrl-Break"         daemon [_thread_in_native, id=23200, stack(0x0000009ca8400000,0x0000009ca8500000) (1024K)]
  0x0000022bc31b8b30 JavaThread "Notification Thread"        daemon [_thread_blocked, id=19428, stack(0x0000009ca8500000,0x0000009ca8600000) (1024K)]
  0x0000022bc3200800 JavaThread "Java2D Disposer"            daemon [_thread_blocked, id=24692, stack(0x0000009ca8600000,0x0000009ca8700000) (1024K)]
  0x0000022bc3200fb0 JavaThread "AWT-Shutdown"                      [_thread_blocked, id=36268, stack(0x0000009ca8700000,0x0000009ca8800000) (1024K)]
  0x0000022bc3201760 JavaThread "AWT-Windows"                daemon [_thread_in_native, id=23100, stack(0x0000009ca8800000,0x0000009ca8900000) (1024K)]
=>0x0000022bc38972d0 JavaThread "AWT-EventQueue-0"                  [_thread_in_native, id=27208, stack(0x0000009ca8c00000,0x0000009ca8d00000) (1024K)]
  0x0000022b9e80b900 JavaThread "DestroyJavaVM"                     [_thread_blocked, id=27908, stack(0x0000009ca7200000,0x0000009ca7300000) (1024K)]
Total: 16

Other Threads:
  0x0000022bbed23040 VMThread "VM Thread"                           [id=14996, stack(0x0000009ca7a00000,0x0000009ca7b00000) (1024K)]
  0x0000022bbed11e60 WatcherThread "VM Periodic Task Thread"        [id=21976, stack(0x0000009ca7900000,0x0000009ca7a00000) (1024K)]
  0x0000022b9e858a50 WorkerThread "GC Thread#0"                     [id=20080, stack(0x0000009ca7300000,0x0000009ca7400000) (1024K)]
  0x0000022bc34e56b0 WorkerThread "GC Thread#1"                     [id=13788, stack(0x0000009ca8900000,0x0000009ca8a00000) (1024K)]
  0x0000022bc34e5ad0 WorkerThread "GC Thread#2"                     [id=12592, stack(0x0000009ca8a00000,0x0000009ca8b00000) (1024K)]
  0x0000022bc34e5ef0 WorkerThread "GC Thread#3"                     [id=35528, stack(0x0000009ca8b00000,0x0000009ca8c00000) (1024K)]
  0x0000022bc38f4ff0 WorkerThread "GC Thread#4"                     [id=11208, stack(0x0000009ca8e00000,0x0000009ca8f00000) (1024K)]
  0x0000022bc38f5c20 WorkerThread "GC Thread#5"                     [id=15144, stack(0x0000009ca8f00000,0x0000009ca9000000) (1024K)]
  0x0000022b9e871290 ConcurrentGCThread "G1 Main Marker"            [id=36752, stack(0x0000009ca7400000,0x0000009ca7500000) (1024K)]
  0x0000022b9e872b80 WorkerThread "G1 Conc#0"                       [id=24564, stack(0x0000009ca7500000,0x0000009ca7600000) (1024K)]
  0x0000022bc38f6850 WorkerThread "G1 Conc#1"                       [id=34064, stack(0x0000009ca9000000,0x0000009ca9100000) (1024K)]
  0x0000022bc3927820 WorkerThread "G1 Conc#2"                       [id=38864, stack(0x0000009ca9300000,0x0000009ca9400000) (1024K)]
  0x0000022b9e8c3ed0 WorkerThread "G1 Refinement Workers#0"         [id=5068, stack(0x0000009ca7700000,0x0000009ca7800000) (1024K)]
  0x0000022b9e8c1400 ConcurrentGCThread "G1 Refine Control"         [id=17800, stack(0x0000009ca7600000,0x0000009ca7700000) (1024K)]
  0x0000022b9e8c5510 ConcurrentGCThread "G1 Service"                [id=1904, stack(0x0000009ca7800000,0x0000009ca7900000) (1024K)]
Total: 15

Threads with active compile tasks:
Total: 0

VM state: not at safepoint (normal execution)

VM Mutex/Monitor currently owned by a thread: None

Heap address: 0x0000000705a00000, size: 4006 MB, Compressed Oops mode: Zero based, Oop shift amount: 3

CDS archive(s) mapped at: [0x0000000017000000-0x0000000017de0000-0x0000000017de0000), size 14548992, SharedBaseAddress: 0x0000000017000000, ArchiveRelocationMode: 1.
Compressed class space mapped at: 0x0000000018000000-0x0000000058000000, reserved size: 1073741824
UseCompressedClassPointers 1, UseCompactObjectHeaders 0
Narrow klass pointer bits 32, Max shift 3
Narrow klass base: 0x0000000017000000, Narrow klass shift: 0
Encoding Range: [0x0000000017000000 - 0x0000000117000000), (4294967296 bytes)
Klass Range:    [0x0000000017000000 - 0x0000000058000000), (1090519040 bytes)
Klass ID Range:  [8 - 1090519033) (1090519025)
Protection zone: [0x0000000017000000 - 0x0000000017010000), (65536 bytes)

GC Precious Log:
 CardTable entry size: 512
 Card Set container configuration: InlinePtr #cards 4 size 8 Array Of Cards #cards 16 size 48 Howl #buckets 8 coarsen threshold 3686 Howl Bitmap #cards 512 size 80 coarsen threshold 460 Card regions per heap region 1 cards per card region 4096
 CPUs: 12 total, 12 available
 Memory: 16016M
 Large Page Support: Disabled
 NUMA Support: Disabled
 Compressed Oops: Enabled (Zero based)
 Heap Region Size: 2M
 Heap Min Capacity: 8M
 Heap Initial Capacity: 8M
 Heap Max Capacity: 4006M
 Pre-touch: Disabled
 Parallel Workers: 10
 Concurrent Workers: 3
 Concurrent Refinement Workers: 10
 Periodic GC: Disabled

Heap:
 garbage-first heap   total reserved 4102144K, committed 12288K, used 6869K [0x0000000705a00000, 0x0000000800000000)
  region size 2M, 1 eden (2M), 1 survivor (2M), 2 old (4M), 2 humongous (4M), 0 free (0M)

Heap Regions: E=young(eden), S=young(survivor), O=old, HS=humongous(starts), HC=humongous(continues), CS=collection set, F=free, TAMS=top-at-mark-start, PB=parsable bottom
|    0|0x0000000705a00000, 0x0000000705b06ad0, 0x0000000705c00000| 51%| O|  |TAMS 0x0000000705a00000| PB 0x0000000705a00000| Untracked |  0
|    1|0x0000000705c00000, 0x0000000705cc7cd8, 0x0000000705e00000| 39%| E|CS|TAMS 0x0000000705c00000| PB 0x0000000705c00000| Complete  |  0
|    2|0x0000000705e00000, 0x0000000706000000, 0x0000000706000000|100%|HS|  |TAMS 0x0000000705e00000| PB 0x0000000705e00000| Complete  |  0
|    3|0x0000000706000000, 0x0000000706200000, 0x0000000706200000|100%|HC|  |TAMS 0x0000000706000000| PB 0x0000000706000000| Complete  |  0
|    4|0x0000000706200000, 0x0000000706285d60, 0x0000000706400000| 26%| S|CS|TAMS 0x0000000706200000| PB 0x0000000706200000| Complete  |  0
| 2002|0x00000007ffe00000, 0x00000007fff28da8, 0x0000000800000000| 57%| O|Cm|TAMS 0x00000007ffe00000| PB 0x00000007ffe00000| Complete  |  0

Card table byte_map: [0x0000022bb72f0000,0x0000022bb7ad0000] _byte_map_base: 0x0000022bb3ac3000
Refinement table byte_map: [0x0000022bb7ad0000,0x0000022bb82b0000] _byte_map_base: 0x0000022bb42a3000

Marking Bits: (CMBitMap*) 0x0000022b9e8591d0
 Bits: [0x0000022bb82b0000, 0x0000022bbc148000)

Polling page: 0x0000022b9c670000

Metaspace:
Metaspace        used 6800K, committed 7040K, reserved 1114112K
 class space     used 693K, committed 832K, reserved 1048576K

Usage:
  Non-class:      5.96 MB used.
      Class:    693.10 KB used.
       Both:      6.64 MB used.

Virtual space:
  Non-class space:       64.00 MB reserved,       6.06 MB (  9%) committed,  1 nodes.
      Class space:        1.00 GB reserved,     832.00 KB ( <1%) committed,  1 nodes.
             Both:        1.06 GB reserved,       6.88 MB ( <1%) committed. 

Chunk freelists:
   Non-Class:  9.00 MB
       Class:  15.24 MB
        Both:  24.24 MB

MaxMetaspaceSize: unlimited
CompressedClassSpaceSize: 1.00 GB
Initial GC threshold: 21.00 MB
Current GC threshold: 21.00 MB
CDS: on
 - commit_granule_bytes: 65536.
 - commit_granule_words: 8192.
 - virtual_space_node_default_size: 8388608.
 - enlarge_chunks_in_place: 1.
UseCompressedClassPointers 1, UseCompactObjectHeaders 0
Narrow klass pointer bits 32, Max shift 3
Narrow klass base: 0x0000000017000000, Narrow klass shift: 0
Encoding Range: [0x0000000017000000 - 0x0000000117000000), (4294967296 bytes)
Klass Range:    [0x0000000017000000 - 0x0000000058000000), (1090519040 bytes)
Klass ID Range:  [8 - 1090519033) (1090519025)
Protection zone: [0x0000000017000000 - 0x0000000017010000), (65536 bytes)


Internal statistics:

num_allocs_failed_limit: 0.
num_arena_births: 92.
num_arena_deaths: 0.
num_vsnodes_births: 2.
num_vsnodes_deaths: 0.
num_space_committed: 110.
num_space_uncommitted: 0.
num_chunks_returned_to_freelist: 0.
num_chunks_taken_from_freelist: 138.
num_chunk_merges: 0.
num_chunk_splits: 74.
num_chunks_enlarged: 19.
num_inconsistent_stats: 0.

CodeHeap 'non-profiled nmethods': size=120064Kb used=238Kb max_used=238Kb free=119825Kb
 bounds [0x0000022baef70000, 0x0000022baf1e0000, 0x0000022bb64b0000]
CodeHeap 'profiled nmethods': size=120000Kb used=1023Kb max_used=1023Kb free=118976Kb
 bounds [0x0000022ba74b0000, 0x0000022ba7720000, 0x0000022bae9e0000]
CodeHeap 'non-nmethods': size=5696Kb used=1498Kb max_used=1521Kb free=4198Kb
 bounds [0x0000022bae9e0000, 0x0000022baec50000, 0x0000022baef70000]
CodeCache: size=245760Kb, used=2759Kb, max_used=2782Kb, free=242999Kb
 total_blobs=1471, nmethods=851, adapters=525, full_count=0
Compilation: enabled, stopped_count=0, restarted_count=0

Compilation events (20 events):
Event: 65673.214 Thread 0x0000022bbed6af60  843       3       java.lang.ref.ReferenceQueue::remove0 (67 bytes)
Event: 65673.216 Thread 0x0000022bbed6af60 nmethod 843 0x0000022ba75a9b88 code [0x0000022ba75a9c80, 0x0000022ba75aa0d0]
Event: 66159.775 Thread 0x0000022bbed6af60  844       3       java.lang.invoke.LambdaForm$MH/0x0000000018047400::invoke (25 bytes)
Event: 66159.776 Thread 0x0000022bbed6af60 nmethod 844 0x0000022ba75aa108 code [0x0000022ba75aa200, 0x0000022ba75aa740]
Event: 66159.776 Thread 0x0000022bbed6af60  845       3       java.awt.Font::<init> (56 bytes)
Event: 66159.777 Thread 0x0000022bbed6af60 nmethod 845 0x0000022ba75aa788 code [0x0000022ba75aa880, 0x0000022ba75aaae0]
Event: 66159.883 Thread 0x0000022bbed6af60  846  s    3       sun.awt.windows.WDesktopProperties::setFontProperty (156 bytes)
Event: 66159.886 Thread 0x0000022bbed68340  847       4       java.util.HashMap::putVal (300 bytes)
Event: 66159.886 Thread 0x0000022bbed6af60 nmethod 846 0x0000022ba75aab08 code [0x0000022ba75aac00, 0x0000022ba75ad588]
Event: 66159.898 Thread 0x0000022bbed68340 nmethod 847 0x0000022baefaa888 code [0x0000022baefaa980, 0x0000022baefab478]
Event: 66159.898 Thread 0x0000022bbed68340  848       4       java.util.HashMap::get (19 bytes)
Event: 66159.903 Thread 0x0000022bbed68340 nmethod 848 0x0000022baefab488 code [0x0000022baefab580, 0x0000022baefab8d8]
Event: 66159.959 Thread 0x0000022bbed6af60  849       3       java.util.Objects::checkIndex (7 bytes)
Event: 66159.959 Thread 0x0000022bbed6af60 nmethod 849 0x0000022ba75ad608 code [0x0000022ba75ad700, 0x0000022ba75ad828]
Event: 66159.959 Thread 0x0000022bbed6af60  850       3       java.awt.Font::equals (131 bytes)
Event: 66159.960 Thread 0x0000022bbed6af60 nmethod 850 0x0000022ba75ad908 code [0x0000022ba75ada00, 0x0000022ba75ae218]
Event: 93716.419 Thread 0x0000022bbed6af60  851  s    3       sun.awt.windows.WDesktopProperties::setBooleanProperty (57 bytes)
Event: 93716.424 Thread 0x0000022bbed6af60 nmethod 851 0x0000022ba75ae288 code [0x0000022ba75ae380, 0x0000022ba75aead8]
Event: 149889.146 Thread 0x0000022bbed6af60  852       3       java.util.HashMap::<init> (98 bytes)
Event: 149889.180 Thread 0x0000022bbed6af60 nmethod 852 0x0000022ba75aeb08 code [0x0000022ba75aec00, 0x0000022ba75afe68]

GC Heap Usage History (8 events):
Event: 7.908 {heap Before GC invocations=0 (full 0):
 garbage-first heap   total reserved 4102144K, committed 10240K, used 5283K [0x0000000705a00000, 0x0000000800000000)
  region size 2M, 2 eden (4M), 0 survivor (0M), 1 old (2M), 0 humongous (0M), 2 free (4M)
}
Event: 7.910 {heap After GC invocations=1 (full 0):
 garbage-first heap   total reserved 4102144K, committed 10240K, used 2387K [0x0000000705a00000, 0x0000000800000000)
  region size 2M, 0 eden (0M), 1 survivor (2M), 1 old (2M), 0 humongous (0M), 3 free (6M)
}
Event: 7.922 {heap Before GC invocations=1 (full 0):
 garbage-first heap   total reserved 4102144K, committed 10240K, used 4435K [0x0000000705a00000, 0x0000000800000000)
  region size 2M, 1 eden (2M), 1 survivor (2M), 1 old (2M), 0 humongous (0M), 2 free (4M)
}
Event: 7.924 {heap After GC invocations=2 (full 0):
 garbage-first heap   total reserved 4102144K, committed 10240K, used 2408K [0x0000000705a00000, 0x0000000800000000)
  region size 2M, 0 eden (0M), 1 survivor (2M), 1 old (2M), 0 humongous (0M), 3 free (6M)
}
Event: 7.987 {heap Before GC invocations=2 (full 0):
 garbage-first heap   total reserved 4102144K, committed 10240K, used 2408K [0x0000000705a00000, 0x0000000800000000)
  region size 2M, 1 eden (2M), 1 survivor (2M), 1 old (2M), 0 humongous (0M), 2 free (4M)
}
Event: 7.990 {heap After GC invocations=3 (full 0):
 garbage-first heap   total reserved 4102144K, committed 10240K, used 2819K [0x0000000705a00000, 0x0000000800000000)
  region size 2M, 0 eden (0M), 1 survivor (2M), 2 old (4M), 0 humongous (0M), 2 free (4M)
}
Event: 7.990 {heap Before GC invocations=3 (full 0):
 garbage-first heap   total reserved 4102144K, committed 10240K, used 6915K [0x0000000705a00000, 0x0000000800000000)
  region size 2M, 0 eden (0M), 1 survivor (2M), 2 old (4M), 2 humongous (4M), 0 free (0M)
}
Event: 7.993 {heap After GC invocations=4 (full 0):
 garbage-first heap   total reserved 4102144K, committed 12288K, used 6869K [0x0000000705a00000, 0x0000000800000000)
  region size 2M, 0 eden (0M), 1 survivor (2M), 2 old (4M), 2 humongous (4M), 1 free (2M)
}

Metaspace Usage History (8 events):
Event: 7.908 {metaspace Before GC invocations=0 (full 0):
 Metaspace       used 4194K, committed 4416K, reserved 1114112K
  class space    used 364K, committed 448K, reserved 1048576K
}
Event: 7.910 {metaspace After GC invocations=1 (full 0):
 Metaspace       used 4194K, committed 4416K, reserved 1114112K
  class space    used 364K, committed 448K, reserved 1048576K
}
Event: 7.922 {metaspace Before GC invocations=1 (full 0):
 Metaspace       used 4360K, committed 4608K, reserved 1114112K
  class space    used 403K, committed 512K, reserved 1048576K
}
Event: 7.924 {metaspace After GC invocations=2 (full 0):
 Metaspace       used 4360K, committed 4608K, reserved 1114112K
  class space    used 403K, committed 512K, reserved 1048576K
}
Event: 7.987 {metaspace Before GC invocations=2 (full 0):
 Metaspace       used 6365K, committed 6592K, reserved 1114112K
  class space    used 647K, committed 768K, reserved 1048576K
}
Event: 7.990 {metaspace After GC invocations=3 (full 0):
 Metaspace       used 6365K, committed 6592K, reserved 1114112K
  class space    used 647K, committed 768K, reserved 1048576K
}
Event: 7.990 {metaspace Before GC invocations=3 (full 0):
 Metaspace       used 6365K, committed 6592K, reserved 1114112K
  class space    used 647K, committed 768K, reserved 1048576K
}
Event: 7.993 {metaspace After GC invocations=4 (full 0):
 Metaspace       used 6365K, committed 6592K, reserved 1114112K
  class space    used 647K, committed 768K, reserved 1048576K
}

Dll operation events (20 events):
Event: 0.068 Attempting to load shared library C:\Program Files\Java\jdk-26\bin\zip.dll
Event: 0.069 Loaded shared library C:\Program Files\Java\jdk-26\bin\zip.dll
Event: 0.072 Attempting to load shared library C:\Program Files\Java\jdk-26\bin\instrument.dll
Event: 0.072 Loaded shared library C:\Program Files\Java\jdk-26\bin\instrument.dll
Event: 0.077 Attempting to load shared library C:\Program Files\Java\jdk-26\bin\net.dll
Event: 0.078 Loaded shared library C:\Program Files\Java\jdk-26\bin\net.dll
Event: 0.081 Attempting to load shared library C:\Program Files\Java\jdk-26\bin\nio.dll
Event: 0.082 Loaded shared library C:\Program Files\Java\jdk-26\bin\nio.dll
Event: 0.086 Attempting to load shared library C:\Program Files\Java\jdk-26\bin\zip.dll
Event: 0.086 Loaded shared library C:\Program Files\Java\jdk-26\bin\zip.dll
Event: 0.101 Attempting to load shared library C:\Program Files\Java\jdk-26\bin\jimage.dll
Event: 0.101 Loaded shared library C:\Program Files\Java\jdk-26\bin\jimage.dll
Event: 0.106 Attempting to load shared library C:\Program Files\Java\jdk-26\bin\extnet.dll
Event: 0.107 Loaded shared library C:\Program Files\Java\jdk-26\bin\extnet.dll
Event: 7.852 Attempting to load shared library C:\Program Files\Java\jdk-26\bin\awt.dll
Event: 7.854 Loaded shared library C:\Program Files\Java\jdk-26\bin\awt.dll
Event: 7.951 Attempting to load shared library C:\Program Files\Java\jdk-26\bin\freetype.dll
Event: 7.951 Loaded shared library C:\Program Files\Java\jdk-26\bin\freetype.dll
Event: 7.951 Attempting to load shared library C:\Program Files\Java\jdk-26\bin\fontmanager.dll
Event: 7.952 Loaded shared library C:\Program Files\Java\jdk-26\bin\fontmanager.dll

Deoptimization events (8 events):
Event: 7.900 Thread 0x0000022b9e80b900 Uncommon trap: trap_request=0xffffff45 fr.pc=0x0000022baef7d8e8 relative=0x00000000000005e8
Event: 7.900 Thread 0x0000022b9e80b900 Uncommon trap: reason=unstable_if action=reinterpret pc=0x0000022baef7d8e8 method=java.util.HashMap.putVal(ILjava/lang/Object;Ljava/lang/Object;ZZ)Ljava/lang/Object; @ 69 c2
Event: 7.900 Thread 0x0000022b9e80b900 DEOPT PACKING pc=0x0000022baef7d8e8 sp=0x0000009ca72fdd90
Event: 7.900 Thread 0x0000022b9e80b900 DEOPT UNPACKING pc=0x0000022baeb05c82 sp=0x0000009ca72fdd10 mode 2
Event: 6686.825 Thread 0x0000022bc38972d0 Uncommon trap: trap_request=0xffffff45 fr.pc=0x0000022baef9b984 relative=0x0000000000000784
Event: 6686.825 Thread 0x0000022bc38972d0 Uncommon trap: reason=unstable_if action=reinterpret pc=0x0000022baef9b984 method=java.util.HashMap.putVal(ILjava/lang/Object;Ljava/lang/Object;ZZ)Ljava/lang/Object; @ 181 c2
Event: 6686.825 Thread 0x0000022bc38972d0 DEOPT PACKING pc=0x0000022baef9b984 sp=0x0000009ca8cfed50
Event: 6686.826 Thread 0x0000022bc38972d0 DEOPT UNPACKING pc=0x0000022baeb05c82 sp=0x0000009ca8cfec68 mode 2

Classes loaded (20 events):
Event: 8.021 Loading class java/util/concurrent/locks/AbstractQueuedSynchronizer$Node done
Event: 8.021 Loading class java/util/concurrent/locks/AbstractQueuedSynchronizer$ExclusiveNode done
Event: 8.021 Loading class java/util/concurrent/locks/AbstractQueuedSynchronizer$ConditionNode
Event: 8.021 Loading class java/util/concurrent/ForkJoinPool$ManagedBlocker
Event: 8.021 Loading class java/util/concurrent/ForkJoinPool$ManagedBlocker done
Event: 8.021 Loading class java/util/concurrent/locks/AbstractQueuedSynchronizer$ConditionNode done
Event: 344.372 Loading class java/awt/event/MouseEvent$1
Event: 344.372 Loading class sun/awt/AWTAccessor$MouseEventAccessor
Event: 344.372 Loading class sun/awt/AWTAccessor$MouseEventAccessor done
Event: 344.372 Loading class java/awt/event/MouseEvent$1 done
Event: 344.373 Loading class java/awt/Cursor$CursorDisposer
Event: 344.373 Loading class java/awt/Cursor$CursorDisposer done
Event: 344.373 Loading class java/awt/event/MouseWheelEvent
Event: 344.373 Loading class java/awt/event/MouseWheelEvent done
Event: 345.964 Loading class sun/awt/SunToolkit$1
Event: 345.964 Loading class sun/awt/SunToolkit$1 done
Event: 32094.989 Loading class java/awt/desktop/SystemSleepListener
Event: 32094.989 Loading class java/awt/desktop/SystemEventListener
Event: 32094.990 Loading class java/awt/desktop/SystemEventListener done
Event: 32094.990 Loading class java/awt/desktop/SystemSleepListener done

Classes unloaded (0 events):
No events

Classes redefined (0 events):
No events

Internal exceptions (20 events):
Event: 7.856 Thread 0x0000022b9e80b900 Exception <a 'java/io/FileNotFoundException'{0x0000000705eb5af0}> (0x0000000705eb5af0) 
thrown [s\open\src\hotspot\share\prims\jni.cpp, line 514]
Event: 7.889 Thread 0x0000022b9e80b900 Exception <a 'java/lang/NoSuchMethodError'{0x0000000705f1b780}: 'long java.lang.invoke.DirectMethodHandle$Holder.invokeStatic(java.lang.Object, java.lang.Object)'> (0x0000000705f1b780) 
thrown [s\open\src\hotspot\share\interpreter\linkResolver.cpp, line 804]
Event: 7.889 Thread 0x0000022b9e80b900 Exception <a 'java/lang/NoSuchMethodError'{0x0000000705f237d8}: 'long java.lang.invoke.DirectMethodHandle$Holder.invokeStaticInit(java.lang.Object, java.lang.Object)'> (0x0000000705f237d8) 
thrown [s\open\src\hotspot\share\interpreter\linkResolver.cpp, line 804]
Event: 7.890 Thread 0x0000022b9e80b900 Exception <a 'java/lang/NoSuchMethodError'{0x0000000705f2c088}: 'java.lang.Object java.lang.invoke.DirectMethodHandle$Holder.invokeStatic(java.lang.Object, long, java.lang.Object)'> (0x0000000705f2c088) 
thrown [s\open\src\hotspot\share\interpreter\linkResolver.cpp, line 804]
Event: 7.890 Thread 0x0000022b9e80b900 Exception <a 'java/lang/NoSuchMethodError'{0x0000000705f34428}: 'java.lang.Object java.lang.invoke.DirectMethodHandle$Holder.invokeStaticInit(java.lang.Object, long, java.lang.Object)'> (0x0000000705f34428) 
thrown [s\open\src\hotspot\share\interpreter\linkResolver.cpp, line 804]
Event: 7.891 Thread 0x0000022b9e80b900 Exception <a 'java/lang/NoSuchMethodError'{0x0000000705f3c8a0}: 'java.lang.Object java.lang.invoke.DirectMethodHandle$Holder.invokeStatic(java.lang.Object, long)'> (0x0000000705f3c8a0) 
thrown [s\open\src\hotspot\share\interpreter\linkResolver.cpp, line 804]
Event: 7.891 Thread 0x0000022b9e80b900 Exception <a 'java/lang/NoSuchMethodError'{0x0000000705f448f8}: 'java.lang.Object java.lang.invoke.DirectMethodHandle$Holder.invokeStaticInit(java.lang.Object, long)'> (0x0000000705f448f8) 
thrown [s\open\src\hotspot\share\interpreter\linkResolver.cpp, line 804]
Event: 7.901 Thread 0x0000022b9e80b900 Exception <a 'java/lang/NoSuchMethodError'{0x0000000705f72e10}: 'void java.lang.invoke.DirectMethodHandle$Holder.invokeSpecial(java.lang.Object, java.lang.Object, java.lang.Object)'> (0x0000000705f72e10) 
thrown [s\open\src\hotspot\share\interpreter\linkResolver.cpp, line 804]
Event: 7.906 Thread 0x0000022b9e80b900 Exception <a 'java/lang/NoSuchMethodError'{0x0000000705fe2b98}: 'java.lang.Object java.lang.invoke.DirectMethodHandle$Holder.newInvokeSpecial(java.lang.Object, java.lang.Object, java.lang.Object, java.lang.Object, java.lang.Object)'> (0x0000000705fe2b98) 
thrown [s\open\src\hotspot\share\interpreter\linkResolver.cpp, line 804]
Event: 7.912 Thread 0x0000022b9e80b900 Exception <a 'java/lang/NoSuchMethodError'{0x000000070604c1c0}: 'java.lang.Object java.lang.invoke.DirectMethodHandle$Holder.invokeStatic(java.lang.Object, int, java.lang.Object)'> (0x000000070604c1c0) 
thrown [s\open\src\hotspot\share\interpreter\linkResolver.cpp, line 804]
Event: 7.928 Thread 0x0000022b9e80b900 Exception <a 'java/lang/ClassNotFoundException'{0x000000070607ecd8}: com/sun/swing/internal/plaf/metal/resources/spi/metalProvider> (0x000000070607ecd8) 
thrown [s\open\src\hotspot\share\classfile\systemDictionary.cpp, line 329]
Event: 7.929 Thread 0x0000022b9e80b900 Exception <a 'java/lang/ClassNotFoundException'{0x0000000706082a90}: com/sun/swing/internal/plaf/basic/resources/spi/basicProvider> (0x0000000706082a90) 
thrown [s\open\src\hotspot\share\classfile\systemDictionary.cpp, line 329]
Event: 7.933 Thread 0x0000022b9e80b900 Exception <a 'java/lang/NoSuchMethodError'{0x00000007060a9478}: 'int java.lang.invoke.Invokers$Holder.invokeExact_MT(java.lang.Object, java.lang.Object)'> (0x00000007060a9478) 
thrown [s\open\src\hotspot\share\interpreter\linkResolver.cpp, line 804]
Event: 7.939 Thread 0x0000022bc3201760 Exception <a 'java/lang/NoSuchMethodError'{0x00000007060c5558}: 'void java.lang.invoke.DirectMethodHandle$Holder.invokeVirtual(java.lang.Object, java.lang.Object)'> (0x00000007060c5558) 
thrown [s\open\src\hotspot\share\interpreter\linkResolver.cpp, line 804]
Event: 7.948 Thread 0x0000022b9e80b900 Exception <a 'java/lang/NoSuchMethodError'{0x00000007060f8db0}: 'void java.lang.invoke.DirectMethodHandle$Holder.invokeStaticInit(java.lang.Object)'> (0x00000007060f8db0) 
thrown [s\open\src\hotspot\share\interpreter\linkResolver.cpp, line 804]
Event: 7.956 Thread 0x0000022b9e80b900 Exception <a 'java/lang/NoSuchMethodError'{0x000000070612e230}: 'long java.lang.invoke.DirectMethodHandle$Holder.invokeStaticInit(java.lang.Object, long, long, long, long)'> (0x000000070612e230) 
thrown [s\open\src\hotspot\share\interpreter\linkResolver.cpp, line 804]
Event: 7.956 Thread 0x0000022b9e80b900 Exception <a 'java/lang/NoSuchMethodError'{0x0000000706137028}: 'java.lang.Object java.lang.invoke.DirectMethodHandle$Holder.invokeInterface(java.lang.Object, java.lang.Object, long, long)'> (0x0000000706137028) 
thrown [s\open\src\hotspot\share\interpreter\linkResolver.cpp, line 804]
Event: 7.957 Thread 0x0000022b9e80b900 Exception <a 'java/lang/NoSuchMethodError'{0x000000070614ffa0}: 'void java.lang.invoke.DirectMethodHandle$Holder.invokeStaticInit(java.lang.Object, java.lang.Object, long, java.lang.Object)'> (0x000000070614ffa0) 
thrown [s\open\src\hotspot\share\interpreter\linkResolver.cpp, line 804]
Event: 7.958 Thread 0x0000022b9e80b900 Exception <a 'java/lang/NoSuchMethodError'{0x0000000706158e28}: 'long java.lang.invoke.DirectMethodHandle$Holder.invokeStatic(java.lang.Object, long, long)'> (0x0000000706158e28) 
thrown [s\open\src\hotspot\share\interpreter\linkResolver.cpp, line 804]
Event: 7.960 Thread 0x0000022b9e80b900 Exception <a 'java/lang/NoSuchMethodError'{0x000000070617b880}: 'java.lang.Object java.lang.invoke.DirectMethodHandle$Holder.newInvokeSpecial(java.lang.Object, int, java.lang.Object)'> (0x000000070617b880) 
thrown [s\open\src\hotspot\share\interpreter\linkResolver.cpp, line 804]

VM Operations (20 events):
Event: 57491.946 Executing non-safepoint VM operation: HandshakeAllThreads (DeflationHandshakeClosure)
Event: 57491.946 Executing non-safepoint VM operation: HandshakeAllThreads (DeflationHandshakeClosure) done
Event: 57491.946 Executing non-safepoint VM operation: RendezvousGCThreads
Event: 57491.946 Executing non-safepoint VM operation: RendezvousGCThreads done
Event: 64669.690 Executing non-safepoint VM operation: HandshakeAllThreads (DeflationHandshakeClosure)
Event: 64669.690 Executing non-safepoint VM operation: HandshakeAllThreads (DeflationHandshakeClosure) done
Event: 64669.690 Executing non-safepoint VM operation: RendezvousGCThreads
Event: 64669.690 Executing non-safepoint VM operation: RendezvousGCThreads done
Event: 66173.266 Executing non-safepoint VM operation: HandshakeAllThreads (DeflationHandshakeClosure)
Event: 66173.266 Executing non-safepoint VM operation: HandshakeAllThreads (DeflationHandshakeClosure) done
Event: 66173.266 Executing non-safepoint VM operation: RendezvousGCThreads
Event: 66173.266 Executing non-safepoint VM operation: RendezvousGCThreads done
Event: 97155.831 Executing non-safepoint VM operation: HandshakeAllThreads (DeflationHandshakeClosure)
Event: 97155.831 Executing non-safepoint VM operation: HandshakeAllThreads (DeflationHandshakeClosure) done
Event: 97155.831 Executing non-safepoint VM operation: RendezvousGCThreads
Event: 97155.831 Executing non-safepoint VM operation: RendezvousGCThreads done
Event: 149948.540 Executing non-safepoint VM operation: HandshakeAllThreads (DeflationHandshakeClosure)
Event: 149948.541 Executing non-safepoint VM operation: HandshakeAllThreads (DeflationHandshakeClosure) done
Event: 149948.541 Executing non-safepoint VM operation: RendezvousGCThreads
Event: 149948.541 Executing non-safepoint VM operation: RendezvousGCThreads done

Memory protections (0 events):
No events

Nmethod flushes (0 events):
No events

Events (20 events):
Event: 0.025 Thread 0x0000022b9e80b900 Thread added: 0x0000022b9e80b900
Event: 0.036 Thread 0x0000022b9e80b900 Thread added: 0x0000022bbed34080
Event: 0.036 Thread 0x0000022b9e80b900 Thread added: 0x0000022bbed34ad0
Event: 0.036 Thread 0x0000022b9e80b900 Thread added: 0x0000022bbed39010
Event: 0.036 Thread 0x0000022b9e80b900 Thread added: 0x0000022bbed3abd0
Event: 0.036 Thread 0x0000022b9e80b900 Thread added: 0x0000022bbed40480
Event: 0.036 Thread 0x0000022b9e80b900 Thread added: 0x0000022bbed3f3a0
Event: 0.036 Thread 0x0000022b9e80b900 Thread added: 0x0000022bbed68340
Event: 0.036 Thread 0x0000022b9e80b900 Thread added: 0x0000022bbed6af60
Event: 0.075 Thread 0x0000022b9e80b900 Thread added: 0x0000022bc319f290
Event: 0.091 Thread 0x0000022b9e80b900 Thread added: 0x0000022bc31b8380
Event: 0.091 Thread 0x0000022b9e80b900 Thread added: 0x0000022bc31b8b30
Event: 0.113 Thread 0x0000022bbed68340 Thread added: 0x0000022bc31eb930
Event: 5.116 Thread 0x0000022bc31eb930 Thread exited: 0x0000022bc31eb930
Event: 7.877 Thread 0x0000022b9e80b900 Thread added: 0x0000022bc3200800
Event: 7.877 Thread 0x0000022b9e80b900 Thread added: 0x0000022bc3200fb0
Event: 7.878 Thread 0x0000022b9e80b900 Thread added: 0x0000022bc3201760
Event: 7.939 Thread 0x0000022bc3201760 Thread added: 0x0000022bc38972d0
Event: 7.998 Thread 0x0000022b9e80b900 Thread exited: 0x0000022b9e80b900
Event: 7.998 Thread 0x0000022b9e80b900 Thread added: 0x0000022b9e80b900


Dynamic libraries:
0x00007ff7a5910000 - 0x00007ff7a5920000 	C:\Program Files\Java\jdk-26\bin\java.exe
0x00007ffcb3480000 - 0x00007ffcb36e7000 	C:\WINDOWS\SYSTEM32\ntdll.dll
0x00007ffcb2160000 - 0x00007ffcb2229000 	C:\WINDOWS\System32\KERNEL32.DLL
0x00007ffcb0950000 - 0x00007ffcb0d44000 	C:\WINDOWS\System32\KERNELBASE.dll
0x00007ffcafed0000 - 0x00007ffcb001b000 	C:\WINDOWS\System32\ucrtbase.dll
0x00007ffcaad30000 - 0x00007ffcaad47000 	C:\Program Files\Java\jdk-26\bin\jli.dll
0x00007ffcaabb0000 - 0x00007ffcaabce000 	C:\Program Files\Java\jdk-26\bin\VCRUNTIME140.dll
0x00007ffcb1aa0000 - 0x00007ffcb1c65000 	C:\WINDOWS\System32\USER32.dll
0x00007ffcb1130000 - 0x00007ffcb1157000 	C:\WINDOWS\System32\win32u.dll
0x00007ffc93690000 - 0x00007ffc93923000 	C:\WINDOWS\WinSxS\amd64_microsoft.windows.common-controls_6595b64144ccf1df_6.0.26100.8115_none_3e075c82e3354f9c\COMCTL32.dll
0x00007ffcb2eb0000 - 0x00007ffcb2f59000 	C:\WINDOWS\System32\msvcrt.dll
0x00007ffcb2130000 - 0x00007ffcb215b000 	C:\WINDOWS\System32\GDI32.dll
0x00007ffcb0e00000 - 0x00007ffcb0f2b000 	C:\WINDOWS\System32\gdi32full.dll
0x00007ffcb0d50000 - 0x00007ffcb0df3000 	C:\WINDOWS\System32\msvcp_win.dll
0x00007ffcb3400000 - 0x00007ffcb3432000 	C:\WINDOWS\System32\IMM32.DLL
0x00007ffcacf80000 - 0x00007ffcacf8c000 	C:\Program Files\Java\jdk-26\bin\vcruntime140_1.dll
0x00007ffc994c0000 - 0x00007ffc9954d000 	C:\Program Files\Java\jdk-26\bin\msvcp140.dll
0x00007ffc19310000 - 0x00007ffc1a1de000 	C:\Program Files\Java\jdk-26\bin\server\jvm.dll
0x00007ffcb2860000 - 0x00007ffcb2916000 	C:\WINDOWS\System32\ADVAPI32.dll
0x00007ffcb1e70000 - 0x00007ffcb1f17000 	C:\WINDOWS\System32\sechost.dll
0x00007ffcb3140000 - 0x00007ffcb3258000 	C:\WINDOWS\System32\RPCRT4.dll
0x00007ffcb1cf0000 - 0x00007ffcb1d70000 	C:\WINDOWS\System32\WS2_32.dll
0x00007ffca67a0000 - 0x00007ffca67d6000 	C:\WINDOWS\SYSTEM32\WINMM.dll
0x00007ffc94bc0000 - 0x00007ffc94bcb000 	C:\WINDOWS\SYSTEM32\VERSION.dll
0x00007ffcafbd0000 - 0x00007ffcafc2e000 	C:\WINDOWS\SYSTEM32\POWRPROF.dll
0x00007ffcafbb0000 - 0x00007ffcafbc4000 	C:\WINDOWS\SYSTEM32\UMPDC.dll
0x00007ffcaeac0000 - 0x00007ffcaeadb000 	C:\WINDOWS\SYSTEM32\kernel.appcore.dll
0x00007ffcaaba0000 - 0x00007ffcaabaa000 	C:\Program Files\Java\jdk-26\bin\jimage.dll
0x00007ffcadba0000 - 0x00007ffcadde2000 	C:\WINDOWS\SYSTEM32\DBGHELP.DLL
0x00007ffcb2920000 - 0x00007ffcb2ca2000 	C:\WINDOWS\System32\combase.dll
0x00007ffcb2dd0000 - 0x00007ffcb2ea8000 	C:\WINDOWS\System32\OLEAUT32.dll
0x00007ffc9a900000 - 0x00007ffc9a93b000 	C:\WINDOWS\SYSTEM32\dbgcore.DLL
0x00007ffcb1160000 - 0x00007ffcb1205000 	C:\WINDOWS\System32\bcryptPrimitives.dll
0x00007ffcaab90000 - 0x00007ffcaaba0000 	C:\Program Files\Java\jdk-26\bin\instrument.dll
0x00007ffca1950000 - 0x00007ffca196f000 	C:\Program Files\Java\jdk-26\bin\java.dll
0x00007ffcb3260000 - 0x00007ffcb33f7000 	C:\WINDOWS\System32\ole32.dll
0x00007ffcb12d0000 - 0x00007ffcb1a37000 	C:\WINDOWS\System32\SHELL32.dll
0x00007ffcb0f30000 - 0x00007ffcb109a000 	C:\WINDOWS\System32\wintypes.dll
0x00007ffcb00e0000 - 0x00007ffcb0948000 	C:\WINDOWS\System32\windows.storage.dll
0x00007ffcb2cd0000 - 0x00007ffcb2dc8000 	C:\WINDOWS\System32\SHCORE.dll
0x00007ffcb1f20000 - 0x00007ffcb1f86000 	C:\WINDOWS\System32\shlwapi.dll
0x00007ffcafc70000 - 0x00007ffcafc99000 	C:\WINDOWS\SYSTEM32\profapi.dll
0x00007ffca1880000 - 0x00007ffca1897000 	C:\Program Files\Java\jdk-26\bin\zip.dll
0x00007ffca1930000 - 0x00007ffca1942000 	C:\Program Files\Java\jdk-26\bin\net.dll
0x00007ffcaf050000 - 0x00007ffcaf0bc000 	C:\WINDOWS\system32\mswsock.dll
0x00007ffca18a0000 - 0x00007ffca18b6000 	C:\Program Files\Java\jdk-26\bin\nio.dll
0x00007ffca1920000 - 0x00007ffca1929000 	C:\Program Files\Java\jdk-26\bin\extnet.dll
0x00007ffc99330000 - 0x00007ffc994b5000 	C:\Program Files\Java\jdk-26\bin\awt.dll
0x00007ffcad0f0000 - 0x00007ffcad18f000 	C:\WINDOWS\SYSTEM32\apphelp.dll
0x00007ffcad5c0000 - 0x00007ffcad5ef000 	C:\WINDOWS\system32\DWMAPI.DLL
0x00007ffcad300000 - 0x00007ffcad3a9000 	C:\WINDOWS\system32\uxtheme.dll
0x00007ffc4f340000 - 0x00007ffc4f44f000 	C:\WINDOWS\system32\opengl32.dll
0x00007ffc88d30000 - 0x00007ffc88d5d000 	C:\WINDOWS\SYSTEM32\GLU32.dll
0x00007ffcad400000 - 0x00007ffcad443000 	C:\WINDOWS\SYSTEM32\dxcore.dll
0x00007ffcb1f90000 - 0x00007ffcb20ec000 	C:\WINDOWS\System32\MSCTF.dll
0x00007ffc992a0000 - 0x00007ffc99327000 	C:\Program Files\Java\jdk-26\bin\freetype.dll
0x00007ffc7c830000 - 0x00007ffc7c91f000 	C:\Program Files\Java\jdk-26\bin\fontmanager.dll
0x00007ffc9c4c0000 - 0x00007ffc9c608000 	C:\WINDOWS\SYSTEM32\textinputframework.dll
0x00007ffc7fc20000 - 0x00007ffc80040000 	C:\WINDOWS\SYSTEM32\UIAutomationCore.DLL
0x00007ffcb1210000 - 0x00007ffcb12be000 	C:\WINDOWS\System32\clbcatq.dll
0x00007ffc7e9a0000 - 0x00007ffc7ea16000 	C:\WINDOWS\SYSTEM32\OLEACC.dll
0x00007ffcace10000 - 0x00007ffcacf37000 	C:\WINDOWS\SYSTEM32\CoreMessaging.dll
0x00007ffca9470000 - 0x00007ffca9752000 	C:\WINDOWS\SYSTEM32\CoreUIComponents.dll
0x00007ffcaf350000 - 0x00007ffcaf35c000 	C:\WINDOWS\SYSTEM32\CRYPTBASE.DLL

JVMTI agents:
C:\Program Files\JetBrains\IntelliJ IDEA 2025.3.4\lib\idea_rt.jar path:C:\Program Files\Java\jdk-26\bin\instrument.dll, loaded, initialized, instrumentlib options:49183

dbghelp: loaded successfully - version: 4.0.5 - missing functions: none
symbol engine: initialized successfully - sym options: 0x614 - pdb path: .;C:\Program Files\Java\jdk-26\bin;C:\WINDOWS\SYSTEM32;C:\WINDOWS\WinSxS\amd64_microsoft.windows.common-controls_6595b64144ccf1df_6.0.26100.8115_none_3e075c82e3354f9c;C:\Program Files\Java\jdk-26\bin\server

VM Arguments:
jvm_args: -javaagent:C:\Program Files\JetBrains\IntelliJ IDEA 2025.3.4\lib\idea_rt.jar=49183 -Dfile.encoding=UTF-8 -Dsun.stdout.encoding=UTF-8 -Dsun.stderr.encoding=UTF-8 
java_command: Q2
java_class_path (initial): C:\Users\DESHANI\Desktop\CT2022067\LW1\out\production\LW1
Launcher Type: SUN_STANDARD

[Global flags]
     bool AOTAdapterCaching                        = false                                  {diagnostic} {ergonomic}
     bool AOTInvokeDynamicLinking                  = false                                  {diagnostic} {ergonomic}
     bool AOTRecordTraining                        = false                                  {diagnostic} {ergonomic}
     bool AOTReplayTraining                        = false                                  {diagnostic} {ergonomic}
     bool AOTStubCaching                           = false                                  {diagnostic} {ergonomic}
     intx CICompilerCount                          = 4                                         {product} {ergonomic}
     uint ConcGCThreads                            = 3                                         {product} {ergonomic}
     uint G1ConcRefinementThreads                  = 10                                        {product} {ergonomic}
     uint G1EagerReclaimRemSetThreshold            = 16                                   {experimental} {ergonomic}
   size_t G1HeapRegionSize                         = 2097152                                   {product} {ergonomic}
     uint G1RemSetArrayOfCardsEntries              = 16                                   {experimental} {ergonomic}
     uint G1RemSetHowlMaxNumBuckets                = 8                                    {experimental} {ergonomic}
     uint G1RemSetHowlNumBuckets                   = 8                                    {experimental} {ergonomic}
   size_t InitialHeapSize                          = 8388608                                   {product} {ergonomic}
     bool IntelJccErratumMitigation                = false                             {ARCH diagnostic} {ergonomic}
   size_t MarkStackSize                            = 4194304                                   {product} {ergonomic}
   size_t MarkStackSizeMax                         = 536870912                                 {product} {ergonomic}
   size_t MaxHeapSize                              = 4200595456                                {product} {ergonomic}
   size_t MaxNewSize                               = 2518679552                                {product} {ergonomic}
 uint64_t MaxRAM                                   = 16794984448                               {product} {ergonomic}
   size_t MinHeapDeltaBytes                        = 2097152                                   {product} {ergonomic}
   size_t MinHeapSize                              = 8388608                                   {product} {ergonomic}
   size_t NonNMethodCodeHeapSize                   = 5832704                                {pd product} {ergonomic}
   size_t NonProfiledCodeHeapSize                  = 122945536                              {pd product} {ergonomic}
   size_t ProfiledCodeHeapSize                     = 122880000                              {pd product} {ergonomic}
   size_t ReservedCodeCacheSize                    = 251658240                              {pd product} {ergonomic}
     bool SegmentedCodeCache                       = true                                      {product} {ergonomic}
   size_t SoftMaxHeapSize                          = 4200595456                             {manageable} {ergonomic}
     bool UseCompressedOops                        = true                           {product lp64_product} {ergonomic}
     bool UseCondCardMark                          = true                                      {product} {ergonomic}
     bool UseFastUnorderedTimeStamps               = true                                 {experimental} {ergonomic}
     bool UseG1GC                                  = true                                      {product} {ergonomic}
     bool UseLargePagesIndividualAllocation        = false                                  {pd product} {ergonomic}
      int X86ICacheSync                            = 3                                 {ARCH diagnostic} {ergonomic}

Logging:
Log output configuration:
 #0: stdout all=warning uptime,level,tags foldmultilines=false
 #1: stderr all=off uptime,level,tags foldmultilines=false

Release file:
IMPLEMENTOR="Oracle Corporation" 
JAVA_RUNTIME_VERSION="26+35-2893" 
JAVA_VERSION="26" 
JAVA_VERSION_DATE="2026-03-17" 
LIBC="default" 
MODULES="java.base java.compiler java.datatransfer java.xml java.prefs java.desktop java.instrument java.logging java.management java.security.sasl java.naming java.rmi java.management.rmi java.net.http java.scripting java.security.jgss java.transaction.xa java.sql java.sql.rowset java.xml.crypto java.se java.smartcardio jdk.accessibility jdk.internal.jvmstat jdk.attach jdk.charsets jdk.internal.opt jdk.zipfs jdk.compiler jdk.crypto.cryptoki jdk.crypto.ec jdk.crypto.mscapi jdk.dynalink jdk.internal.ed jdk.editpad jdk.internal.vm.ci jdk.graal.compiler jdk.graal.compiler.management jdk.hotspot.agent jdk.httpserver jdk.incubator.vector jdk.internal.le jdk.internal.md jdk.jartool jdk.javadoc jdk.jcmd jdk.management jdk.management.agent jdk.jconsole jdk.jdeps jdk.jdwp.agent jdk.jdi jdk.jfr jdk.jlink jdk.jpackage jdk.jshell jdk.jstatd jdk.localedata jdk.management.jfr jdk.naming.dns jdk.naming.rmi jdk.net jdk.nio.mapmode jdk.sctp jdk.security.auth jdk.security.jgss jdk.unsupported jdk.unsupported.desktop jdk.xml.dom" 
OS_ARCH="x86_64" 
OS_NAME="Windows" 
SOURCE=".:git:1327d96f3b3c open:git:4408cd2a07a1" 

Environment Variables:
JAVA_HOME=C:\Program Files\Java\jdk-26
PATH=C:\Program Files\Common Files\Oracle\Java\javapath;C:\WINDOWS\system32;C:\WINDOWS;C:\WINDOWS\System32\Wbem;C:\WINDOWS\System32\WindowsPowerShell\v1.0\;C:\WINDOWS\System32\OpenSSH\;C:\Program Files\Git\cmd;C:\Program Files\PuTTY\;C:\Program Files\nodejs\;C:\Program Files\Java\jdk-26\bin;C:\Program Files\Common Files\Oracle\Java\javapath;C:\Users\DESHANI\AppData\Local\Programs\Python\Launcher\;C:\Users\DESHANI\AppData\Local\Microsoft\WindowsApps;C:\Users\DESHANI\AppData\Local\GitHubDesktop\bin;C:\Users\DESHANI\AppData\Local\Programs\Microsoft VS Code\bin;C:\Users\DESHANI\AppData\Roaming\npm
USERNAME=DESHANI
OS=Windows_NT
PROCESSOR_IDENTIFIER=Intel64 Family 6 Model 186 Stepping 3, GenuineIntel
TMP=C:\Users\DESHANI\AppData\Local\Temp
TEMP=C:\Users\DESHANI\AppData\Local\Temp




Compilation memory statistics disabled.

Periodic native trim disabled

---------------  S Y S T E M  ---------------

OS:
 Windows 11 , 64 bit Build 26100 (10.0.26100.8246)
OS uptime: 9 days 3:41 hours
Hyper-V role detected

CPU: total 12 (initial active 12) (hybrid) family 6 model 186 stepping 3 microcode 0x410e, cx8, cmov, fxsr, ht, mmx, 3dnowpref, sse, sse2, sse3, ssse3, sse4.1, sse4.2, popcnt, lzcnt, tsc, tscinvbit, avx, avx2, aes, erms, clmul, bmi1, bmi2, adx, sha, fma, vzeroupper, clflush, clflushopt, clwb, hv, serialize, rdtscp, rdpid, fsrm, gfni, f16c, cet_ibt, cet_ss, hybrid
Processor Information for processor 0
  Max Mhz: 1700, Current Mhz: 1700, Mhz Limit: 1700
Processor Information for processor 1
  Max Mhz: 1700, Current Mhz: 1700, Mhz Limit: 1700
Processor Information for processor 2
  Max Mhz: 1700, Current Mhz: 1700, Mhz Limit: 1700
Processor Information for processor 3
  Max Mhz: 1700, Current Mhz: 1700, Mhz Limit: 1700
Processor Information for processor 4
  Max Mhz: 1700, Current Mhz: 1200, Mhz Limit: 1190
Processor Information for processor 5
  Max Mhz: 1700, Current Mhz: 1200, Mhz Limit: 1190
Processor Information for processor 6
  Max Mhz: 1700, Current Mhz: 1200, Mhz Limit: 1190
Processor Information for processor 7
  Max Mhz: 1700, Current Mhz: 1200, Mhz Limit: 1190
Processor Information for processor 8
  Max Mhz: 1700, Current Mhz: 1200, Mhz Limit: 1190
Processor Information for processor 9
  Max Mhz: 1700, Current Mhz: 1200, Mhz Limit: 1190
Processor Information for processor 10
  Max Mhz: 1700, Current Mhz: 1200, Mhz Limit: 1190
Processor Information for processor 11
  Max Mhz: 1700, Current Mhz: 1200, Mhz Limit: 1190

Memory: 4k page, system-wide physical 16016M (3386M free)
TotalPageFile size 25263M (AvailPageFile size 4587M)
current process WorkingSet (physical memory assigned to process): 15M, peak: 76M
current process commit charge ("private bytes"): 109M, peak: 114M

vm_info: Java HotSpot(TM) 64-Bit Server VM (26+35-2893) for windows-amd64 JRE (26+35-2893), built on 2026-02-12T17:04:02Z with MS VC++ 17.13 (VS2022)

END.
